<testsuites id="" name="" tests="14" failures="14" skipped="0" errors="0" time="20.362433">
<testsuite name="mobile-responsive.spec.ts" timestamp="2025-11-27T01:55:32.727Z" hostname="chromium" tests="14" failures="14" skipped="0" time="0.138" errors="0">
<testcase name="Mobile Responsive Usage › should display mobile navigation menu" classname="mobile-responsive.spec.ts" time="0.01">
<failure message="mobile-responsive.spec.ts:28:3 should display mobile navigation menu" type="FAILURE">
<![CDATA[  [chromium] › mobile-responsive.spec.ts:28:3 › Mobile Responsive Usage › should display mobile navigation menu 

    Error: browserType.launch: Executable doesn't exist at /root/.cache/ms-playwright/webkit-2227/pw_run.sh
    ╔═════════════════════════════════════════════════════════════════════════╗
    ║ Looks like Playwright Test or Playwright was just installed or updated. ║
    ║ Please run the following command to download new browsers:              ║
    ║                                                                         ║
    ║     npx playwright install                                              ║
    ║                                                                         ║
    ║ <3 Playwright Team                                                      ║
    ╚═════════════════════════════════════════════════════════════════════════╝
]]>
</failure>
</testcase>
<testcase name="Mobile Responsive Usage › should have touch-friendly button sizes" classname="mobile-responsive.spec.ts" time="0.018">
<failure message="mobile-responsive.spec.ts:42:3 should have touch-friendly button sizes" type="FAILURE">
<![CDATA[  [chromium] › mobile-responsive.spec.ts:42:3 › Mobile Responsive Usage › should have touch-friendly button sizes 

    Error: browserType.launch: Executable doesn't exist at /root/.cache/ms-playwright/webkit-2227/pw_run.sh
    ╔═════════════════════════════════════════════════════════════════════════╗
    ║ Looks like Playwright Test or Playwright was just installed or updated. ║
    ║ Please run the following command to download new browsers:              ║
    ║                                                                         ║
    ║     npx playwright install                                              ║
    ║                                                                         ║
    ║ <3 Playwright Team                                                      ║
    ╚═════════════════════════════════════════════════════════════════════════╝
]]>
</failure>
</testcase>
<testcase name="Mobile Responsive Usage › should display responsive layout on profile page" classname="mobile-responsive.spec.ts" time="0.01">
<failure message="mobile-responsive.spec.ts:55:3 should display responsive layout on profile page" type="FAILURE">
<![CDATA[  [chromium] › mobile-responsive.spec.ts:55:3 › Mobile Responsive Usage › should display responsive layout on profile page 

    Error: browserType.launch: Executable doesn't exist at /root/.cache/ms-playwright/webkit-2227/pw_run.sh
    ╔═════════════════════════════════════════════════════════════════════════╗
    ║ Looks like Playwright Test or Playwright was just installed or updated. ║
    ║ Please run the following command to download new browsers:              ║
    ║                                                                         ║
    ║     npx playwright install                                              ║
    ║                                                                         ║
    ║ <3 Playwright Team                                                      ║
    ╚═════════════════════════════════════════════════════════════════════════╝
]]>
</failure>
</testcase>
<testcase name="Mobile Responsive Usage › should handle mobile form inputs properly" classname="mobile-responsive.spec.ts" time="0.009">
<failure message="mobile-responsive.spec.ts:69:3 should handle mobile form inputs properly" type="FAILURE">
<![CDATA[  [chromium] › mobile-responsive.spec.ts:69:3 › Mobile Responsive Usage › should handle mobile form inputs properly 

    Error: browserType.launch: Executable doesn't exist at /root/.cache/ms-playwright/webkit-2227/pw_run.sh
    ╔═════════════════════════════════════════════════════════════════════════╗
    ║ Looks like Playwright Test or Playwright was just installed or updated. ║
    ║ Please run the following command to download new browsers:              ║
    ║                                                                         ║
    ║     npx playwright install                                              ║
    ║                                                                         ║
    ║ <3 Playwright Team                                                      ║
    ╚═════════════════════════════════════════════════════════════════════════╝
]]>
</failure>
</testcase>
<testcase name="Mobile Responsive Usage › should display mobile-optimized tables or lists" classname="mobile-responsive.spec.ts" time="0.007">
<failure message="mobile-responsive.spec.ts:86:3 should display mobile-optimized tables or lists" type="FAILURE">
<![CDATA[  [chromium] › mobile-responsive.spec.ts:86:3 › Mobile Responsive Usage › should display mobile-optimized tables or lists 

    Error: browserType.launch: Executable doesn't exist at /root/.cache/ms-playwright/webkit-2227/pw_run.sh
    ╔═════════════════════════════════════════════════════════════════════════╗
    ║ Looks like Playwright Test or Playwright was just installed or updated. ║
    ║ Please run the following command to download new browsers:              ║
    ║                                                                         ║
    ║     npx playwright install                                              ║
    ║                                                                         ║
    ║ <3 Playwright Team                                                      ║
    ╚═════════════════════════════════════════════════════════════════════════╝
]]>
</failure>
</testcase>
<testcase name="Mobile Responsive Usage › should support swipe gestures for navigation" classname="mobile-responsive.spec.ts" time="0.01">
<failure message="mobile-responsive.spec.ts:99:3 should support swipe gestures for navigation" type="FAILURE">
<![CDATA[  [chromium] › mobile-responsive.spec.ts:99:3 › Mobile Responsive Usage › should support swipe gestures for navigation 

    Error: browserType.launch: Executable doesn't exist at /root/.cache/ms-playwright/webkit-2227/pw_run.sh
    ╔═════════════════════════════════════════════════════════════════════════╗
    ║ Looks like Playwright Test or Playwright was just installed or updated. ║
    ║ Please run the following command to download new browsers:              ║
    ║                                                                         ║
    ║     npx playwright install                                              ║
    ║                                                                         ║
    ║ <3 Playwright Team                                                      ║
    ╚═════════════════════════════════════════════════════════════════════════╝
]]>
</failure>
</testcase>
<testcase name="Mobile Responsive Usage › should display mobile-friendly modals" classname="mobile-responsive.spec.ts" time="0.009">
<failure message="mobile-responsive.spec.ts:121:3 should display mobile-friendly modals" type="FAILURE">
<![CDATA[  [chromium] › mobile-responsive.spec.ts:121:3 › Mobile Responsive Usage › should display mobile-friendly modals 

    Error: browserType.launch: Executable doesn't exist at /root/.cache/ms-playwright/webkit-2227/pw_run.sh
    ╔═════════════════════════════════════════════════════════════════════════╗
    ║ Looks like Playwright Test or Playwright was just installed or updated. ║
    ║ Please run the following command to download new browsers:              ║
    ║                                                                         ║
    ║     npx playwright install                                              ║
    ║                                                                         ║
    ║ <3 Playwright Team                                                      ║
    ╚═════════════════════════════════════════════════════════════════════════╝
]]>
</failure>
</testcase>
<testcase name="Mobile Responsive Usage › should handle mobile keyboard interactions" classname="mobile-responsive.spec.ts" time="0.009">
<failure message="mobile-responsive.spec.ts:139:3 should handle mobile keyboard interactions" type="FAILURE">
<![CDATA[  [chromium] › mobile-responsive.spec.ts:139:3 › Mobile Responsive Usage › should handle mobile keyboard interactions 

    Error: browserType.launch: Executable doesn't exist at /root/.cache/ms-playwright/webkit-2227/pw_run.sh
    ╔═════════════════════════════════════════════════════════════════════════╗
    ║ Looks like Playwright Test or Playwright was just installed or updated. ║
    ║ Please run the following command to download new browsers:              ║
    ║                                                                         ║
    ║     npx playwright install                                              ║
    ║                                                                         ║
    ║ <3 Playwright Team                                                      ║
    ╚═════════════════════════════════════════════════════════════════════════╝
]]>
</failure>
</testcase>
<testcase name="Mobile Responsive Usage › should display readable text on mobile" classname="mobile-responsive.spec.ts" time="0.013">
<failure message="mobile-responsive.spec.ts:162:3 should display readable text on mobile" type="FAILURE">
<![CDATA[  [chromium] › mobile-responsive.spec.ts:162:3 › Mobile Responsive Usage › should display readable text on mobile 

    Error: browserType.launch: Executable doesn't exist at /root/.cache/ms-playwright/webkit-2227/pw_run.sh
    ╔═════════════════════════════════════════════════════════════════════════╗
    ║ Looks like Playwright Test or Playwright was just installed or updated. ║
    ║ Please run the following command to download new browsers:              ║
    ║                                                                         ║
    ║     npx playwright install                                              ║
    ║                                                                         ║
    ║ <3 Playwright Team                                                      ║
    ╚═════════════════════════════════════════════════════════════════════════╝
]]>
</failure>
</testcase>
<testcase name="Mobile Responsive Usage › should handle mobile orientation changes" classname="mobile-responsive.spec.ts" time="0.01">
<failure message="mobile-responsive.spec.ts:178:3 should handle mobile orientation changes" type="FAILURE">
<![CDATA[  [chromium] › mobile-responsive.spec.ts:178:3 › Mobile Responsive Usage › should handle mobile orientation changes 

    Error: browserType.launch: Executable doesn't exist at /root/.cache/ms-playwright/webkit-2227/pw_run.sh
    ╔═════════════════════════════════════════════════════════════════════════╗
    ║ Looks like Playwright Test or Playwright was just installed or updated. ║
    ║ Please run the following command to download new browsers:              ║
    ║                                                                         ║
    ║     npx playwright install                                              ║
    ║                                                                         ║
    ║ <3 Playwright Team                                                      ║
    ╚═════════════════════════════════════════════════════════════════════════╝
]]>
</failure>
</testcase>
<testcase name="Mobile Responsive Usage › should support pull-to-refresh on mobile" classname="mobile-responsive.spec.ts" time="0.008">
<failure message="mobile-responsive.spec.ts:197:3 should support pull-to-refresh on mobile" type="FAILURE">
<![CDATA[  [chromium] › mobile-responsive.spec.ts:197:3 › Mobile Responsive Usage › should support pull-to-refresh on mobile 

    Error: browserType.launch: Executable doesn't exist at /root/.cache/ms-playwright/webkit-2227/pw_run.sh
    ╔═════════════════════════════════════════════════════════════════════════╗
    ║ Looks like Playwright Test or Playwright was just installed or updated. ║
    ║ Please run the following command to download new browsers:              ║
    ║                                                                         ║
    ║     npx playwright install                                              ║
    ║                                                                         ║
    ║ <3 Playwright Team                                                      ║
    ╚═════════════════════════════════════════════════════════════════════════╝
]]>
</failure>
</testcase>
<testcase name="Mobile Responsive Usage › should display mobile-optimized images" classname="mobile-responsive.spec.ts" time="0.009">
<failure message="mobile-responsive.spec.ts:215:3 should display mobile-optimized images" type="FAILURE">
<![CDATA[  [chromium] › mobile-responsive.spec.ts:215:3 › Mobile Responsive Usage › should display mobile-optimized images 

    Error: browserType.launch: Executable doesn't exist at /root/.cache/ms-playwright/webkit-2227/pw_run.sh
    ╔═════════════════════════════════════════════════════════════════════════╗
    ║ Looks like Playwright Test or Playwright was just installed or updated. ║
    ║ Please run the following command to download new browsers:              ║
    ║                                                                         ║
    ║     npx playwright install                                              ║
    ║                                                                         ║
    ║ <3 Playwright Team                                                      ║
    ╚═════════════════════════════════════════════════════════════════════════╝
]]>
</failure>
</testcase>
<testcase name="Tablet Responsive Usage › should display tablet-optimized layout" classname="mobile-responsive.spec.ts" time="0.008">
<failure message="mobile-responsive.spec.ts:243:3 should display tablet-optimized layout" type="FAILURE">
<![CDATA[  [chromium] › mobile-responsive.spec.ts:243:3 › Tablet Responsive Usage › should display tablet-optimized layout 

    Error: browserType.launch: Executable doesn't exist at /root/.cache/ms-playwright/webkit-2227/pw_run.sh
    ╔═════════════════════════════════════════════════════════════════════════╗
    ║ Looks like Playwright Test or Playwright was just installed or updated. ║
    ║ Please run the following command to download new browsers:              ║
    ║                                                                         ║
    ║     npx playwright install                                              ║
    ║                                                                         ║
    ║ <3 Playwright Team                                                      ║
    ╚═════════════════════════════════════════════════════════════════════════╝
]]>
</failure>
</testcase>
<testcase name="Tablet Responsive Usage › should handle tablet split-screen mode" classname="mobile-responsive.spec.ts" time="0.008">
<failure message="mobile-responsive.spec.ts:253:3 should handle tablet split-screen mode" type="FAILURE">
<![CDATA[  [chromium] › mobile-responsive.spec.ts:253:3 › Tablet Responsive Usage › should handle tablet split-screen mode 

    Error: browserType.launch: Executable doesn't exist at /root/.cache/ms-playwright/webkit-2227/pw_run.sh
    ╔═════════════════════════════════════════════════════════════════════════╗
    ║ Looks like Playwright Test or Playwright was just installed or updated. ║
    ║ Please run the following command to download new browsers:              ║
    ║                                                                         ║
    ║     npx playwright install                                              ║
    ║                                                                         ║
    ║ <3 Playwright Team                                                      ║
    ╚═════════════════════════════════════════════════════════════════════════╝
]]>
</failure>
</testcase>
</testsuite>
</testsuites>