{"/workspace/0b7880d6-2cef-4b48-8974-78cacd92c5e5/backend/src/index.ts": {"path":"/workspace/0b7880d6-2cef-4b48-8974-78cacd92c5e5/backend/src/index.ts","statementMap":{"0":{"start":{"line":1,"column":0},"end":{"line":1,"column":47}},"1":{"start":{"line":2,"column":0},"end":{"line":2,"column":24}},"2":{"start":{"line":3,"column":0},"end":{"line":3,"column":28}},"3":{"start":{"line":4,"column":0},"end":{"line":4,"column":38}},"4":{"start":{"line":5,"column":0},"end":{"line":5,"column":28}},"5":{"start":{"line":6,"column":0},"end":{"line":6,"column":28}},"6":{"start":{"line":7,"column":0},"end":{"line":7,"column":40}},"7":{"start":{"line":8,"column":0},"end":{"line":8,"column":74}},"8":{"start":{"line":9,"column":0},"end":{"line":9,"column":100}},"9":{"start":{"line":10,"column":0},"end":{"line":10,"column":52}},"10":{"start":{"line":11,"column":0},"end":{"line":11,"column":67}},"11":{"start":{"line":12,"column":0},"end":{"line":12,"column":65}},"12":{"start":{"line":13,"column":0},"end":{"line":13,"column":37}},"13":{"start":{"line":14,"column":0},"end":{"line":14,"column":35}},"14":{"start":{"line":15,"column":0},"end":{"line":15,"column":56}},"15":{"start":{"line":18,"column":0},"end":{"line":18,"column":46}},"16":{"start":{"line":19,"column":0},"end":{"line":19,"column":52}},"17":{"start":{"line":20,"column":0},"end":{"line":20,"column":48}},"18":{"start":{"line":21,"column":0},"end":{"line":21,"column":52}},"19":{"start":{"line":22,"column":0},"end":{"line":22,"column":52}},"20":{"start":{"line":23,"column":0},"end":{"line":23,"column":50}},"21":{"start":{"line":24,"column":0},"end":{"line":24,"column":52}},"22":{"start":{"line":25,"column":0},"end":{"line":25,"column":62}},"23":{"start":{"line":26,"column":0},"end":{"line":26,"column":50}},"24":{"start":{"line":29,"column":0},"end":{"line":29,"column":16}},"25":{"start":{"line":31,"column":25},"end":{"line":31,"column":34}},"26":{"start":{"line":32,"column":13},"end":{"line":32,"column":37}},"27":{"start":{"line":33,"column":20},"end":{"line":33,"column":51}},"28":{"start":{"line":36,"column":0},"end":{"line":36,"column":18}},"29":{"start":{"line":37,"column":0},"end":{"line":40,"column":4}},"30":{"start":{"line":41,"column":0},"end":{"line":41,"column":23}},"31":{"start":{"line":42,"column":0},"end":{"line":42,"column":41}},"32":{"start":{"line":43,"column":0},"end":{"line":43,"column":63}},"33":{"start":{"line":46,"column":0},"end":{"line":46,"column":41}},"34":{"start":{"line":47,"column":0},"end":{"line":47,"column":24}},"35":{"start":{"line":50,"column":0},"end":{"line":58,"column":1}},"36":{"start":{"line":51,"column":2},"end":{"line":51,"column":25}},"37":{"start":{"line":53,"column":2},"end":{"line":57,"column":6}},"38":{"start":{"line":55,"column":34},"end":{"line":55,"column":61}},"39":{"start":{"line":61,"column":0},"end":{"line":61,"column":27}},"40":{"start":{"line":62,"column":0},"end":{"line":62,"column":46}},"41":{"start":{"line":65,"column":0},"end":{"line":65,"column":43}},"42":{"start":{"line":68,"column":0},"end":{"line":68,"column":64}},"43":{"start":{"line":71,"column":0},"end":{"line":71,"column":56}},"44":{"start":{"line":74,"column":0},"end":{"line":97,"column":3}},"45":{"start":{"line":75,"column":2},"end":{"line":96,"column":3}},"46":{"start":{"line":77,"column":4},"end":{"line":77,"column":33}},"47":{"start":{"line":80,"column":4},"end":{"line":80,"column":23}},"48":{"start":{"line":82,"column":4},"end":{"line":88,"column":7}},"49":{"start":{"line":90,"column":4},"end":{"line":90,"column":47}},"50":{"start":{"line":91,"column":4},"end":{"line":95,"column":7}},"51":{"start":{"line":100,"column":0},"end":{"line":100,"column":35}},"52":{"start":{"line":103,"column":0},"end":{"line":103,"column":48}},"53":{"start":{"line":104,"column":0},"end":{"line":104,"column":55}},"54":{"start":{"line":105,"column":0},"end":{"line":105,"column":51}},"55":{"start":{"line":106,"column":0},"end":{"line":106,"column":54}},"56":{"start":{"line":107,"column":0},"end":{"line":107,"column":52}},"57":{"start":{"line":108,"column":0},"end":{"line":108,"column":55}},"58":{"start":{"line":109,"column":0},"end":{"line":109,"column":65}},"59":{"start":{"line":110,"column":0},"end":{"line":110,"column":50}},"60":{"start":{"line":113,"column":0},"end":{"line":120,"column":3}},"61":{"start":{"line":114,"column":2},"end":{"line":119,"column":5}},"62":{"start":{"line":123,"column":0},"end":{"line":123,"column":26}},"63":{"start":{"line":124,"column":0},"end":{"line":124,"column":25}},"64":{"start":{"line":125,"column":0},"end":{"line":125,"column":22}},"65":{"start":{"line":128,"column":25},"end":{"line":148,"column":1}},"66":{"start":{"line":129,"column":2},"end":{"line":129,"column":72}},"67":{"start":{"line":131,"column":2},"end":{"line":147,"column":3}},"68":{"start":{"line":133,"column":4},"end":{"line":133,"column":26}},"69":{"start":{"line":136,"column":4},"end":{"line":136,"column":21}},"70":{"start":{"line":137,"column":4},"end":{"line":137,"column":40}},"71":{"start":{"line":140,"column":4},"end":{"line":140,"column":23}},"72":{"start":{"line":141,"column":4},"end":{"line":141,"column":43}},"73":{"start":{"line":143,"column":4},"end":{"line":143,"column":20}},"74":{"start":{"line":145,"column":4},"end":{"line":145,"column":49}},"75":{"start":{"line":146,"column":4},"end":{"line":146,"column":20}},"76":{"start":{"line":150,"column":0},"end":{"line":150,"column":40}},"77":{"start":{"line":151,"column":0},"end":{"line":151,"column":39}},"78":{"start":{"line":154,"column":20},"end":{"line":180,"column":1}},"79":{"start":{"line":155,"column":2},"end":{"line":179,"column":3}},"80":{"start":{"line":157,"column":4},"end":{"line":157,"column":37}},"81":{"start":{"line":158,"column":4},"end":{"line":158,"column":51}},"82":{"start":{"line":161,"column":4},"end":{"line":161,"column":23}},"83":{"start":{"line":162,"column":4},"end":{"line":162,"column":48}},"84":{"start":{"line":165,"column":4},"end":{"line":169,"column":5}},"85":{"start":{"line":166,"column":6},"end":{"line":166,"column":40}},"86":{"start":{"line":167,"column":6},"end":{"line":167,"column":35}},"87":{"start":{"line":168,"column":6},"end":{"line":168,"column":48}},"88":{"start":{"line":172,"column":4},"end":{"line":175,"column":7}},"89":{"start":{"line":173,"column":6},"end":{"line":173,"column":84}},"90":{"start":{"line":174,"column":6},"end":{"line":174,"column":82}},"91":{"start":{"line":177,"column":4},"end":{"line":177,"column":50}},"92":{"start":{"line":178,"column":4},"end":{"line":178,"column":20}},"93":{"start":{"line":183,"column":0},"end":{"line":185,"column":1}},"94":{"start":{"line":184,"column":2},"end":{"line":184,"column":16}},"95":{"start":{"line":187,"column":0},"end":{"line":187,"column":19}}},"fnMap":{"0":{"name":"(anonymous_1)","decl":{"start":{"line":55,"column":13},"end":{"line":55,"column":14}},"loc":{"start":{"line":55,"column":34},"end":{"line":55,"column":61}}},"1":{"name":"(anonymous_2)","decl":{"start":{"line":74,"column":19},"end":{"line":74,"column":24}},"loc":{"start":{"line":74,"column":39},"end":{"line":97,"column":1}}},"2":{"name":"(anonymous_3)","decl":{"start":{"line":113,"column":13},"end":{"line":113,"column":14}},"loc":{"start":{"line":113,"column":27},"end":{"line":120,"column":1}}},"3":{"name":"(anonymous_4)","decl":{"start":{"line":128,"column":25},"end":{"line":128,"column":30}},"loc":{"start":{"line":128,"column":36},"end":{"line":148,"column":1}}},"4":{"name":"(anonymous_5)","decl":{"start":{"line":154,"column":20},"end":{"line":154,"column":25}},"loc":{"start":{"line":154,"column":31},"end":{"line":180,"column":1}}},"5":{"name":"(anonymous_6)","decl":{"start":{"line":172,"column":21},"end":{"line":172,"column":24}},"loc":{"start":{"line":172,"column":26},"end":{"line":175,"column":5}}}},"branchMap":{"0":{"loc":{"start":{"line":32,"column":13},"end":{"line":32,"column":37}},"type":"binary-expr","locations":[{"start":{"line":32,"column":13},"end":{"line":32,"column":29}},{"start":{"line":32,"column":33},"end":{"line":32,"column":37}}]},"1":{"loc":{"start":{"line":33,"column":20},"end":{"line":33,"column":51}},"type":"binary-expr","locations":[{"start":{"line":33,"column":20},"end":{"line":33,"column":43}},{"start":{"line":33,"column":47},"end":{"line":33,"column":51}}]},"2":{"loc":{"start":{"line":38,"column":10},"end":{"line":38,"column":52}},"type":"binary-expr","locations":[{"start":{"line":38,"column":10},"end":{"line":38,"column":45}},{"start":{"line":38,"column":49},"end":{"line":38,"column":52}}]},"3":{"loc":{"start":{"line":50,"column":0},"end":{"line":58,"column":1}},"type":"if","locations":[{"start":{"line":50,"column":0},"end":{"line":58,"column":1}},{"start":{"line":52,"column":7},"end":{"line":58,"column":1}}]},"4":{"loc":{"start":{"line":165,"column":4},"end":{"line":169,"column":5}},"type":"if","locations":[{"start":{"line":165,"column":4},"end":{"line":169,"column":5}}]},"5":{"loc":{"start":{"line":183,"column":0},"end":{"line":185,"column":1}},"type":"if","locations":[{"start":{"line":183,"column":0},"end":{"line":185,"column":1}}]}},"s":{"0":0,"1":0,"2":0,"3":0,"4":0,"5":0,"6":0,"7":0,"8":0,"9":0,"10":0,"11":0,"12":0,"13":0,"14":0,"15":0,"16":0,"17":0,"18":0,"19":0,"20":0,"21":0,"22":0,"23":0,"24":0,"25":0,"26":0,"27":0,"28":0,"29":0,"30":0,"31":0,"32":0,"33":0,"34":0,"35":0,"36":0,"37":0,"38":0,"39":0,"40":0,"41":0,"42":0,"43":0,"44":0,"45":0,"46":0,"47":0,"48":0,"49":0,"50":0,"51":0,"52":0,"53":0,"54":0,"55":0,"56":0,"57":0,"58":0,"59":0,"60":0,"61":0,"62":0,"63":0,"64":0,"65":0,"66":0,"67":0,"68":0,"69":0,"70":0,"71":0,"72":0,"73":0,"74":0,"75":0,"76":0,"77":0,"78":0,"79":0,"80":0,"81":0,"82":0,"83":0,"84":0,"85":0,"86":0,"87":0,"88":0,"89":0,"90":0,"91":0,"92":0,"93":0,"94":0,"95":0},"f":{"0":0,"1":0,"2":0,"3":0,"4":0,"5":0},"b":{"0":[0,0],"1":[0,0],"2":[0,0],"3":[0,0],"4":[0],"5":[0]}}
,"/workspace/0b7880d6-2cef-4b48-8974-78cacd92c5e5/backend/src/config/database.ts": {"path":"/workspace/0b7880d6-2cef-4b48-8974-78cacd92c5e5/backend/src/config/database.ts","statementMap":{"0":{"start":{"line":1,"column":0},"end":{"line":1,"column":38}},"1":{"start":{"line":2,"column":0},"end":{"line":2,"column":41}},"2":{"start":{"line":3,"column":0},"end":{"line":3,"column":46}},"3":{"start":{"line":6,"column":0},"end":{"line":8,"column":1}},"4":{"start":{"line":7,"column":2},"end":{"line":7,"column":62}},"5":{"start":{"line":9,"column":0},"end":{"line":11,"column":1}},"6":{"start":{"line":10,"column":2},"end":{"line":10,"column":62}},"7":{"start":{"line":12,"column":0},"end":{"line":14,"column":1}},"8":{"start":{"line":13,"column":2},"end":{"line":13,"column":62}},"9":{"start":{"line":15,"column":0},"end":{"line":17,"column":1}},"10":{"start":{"line":16,"column":2},"end":{"line":16,"column":66}},"11":{"start":{"line":20,"column":21},"end":{"line":20,"column":58}},"12":{"start":{"line":21,"column":19},"end":{"line":21,"column":64}},"13":{"start":{"line":24,"column":0},"end":{"line":28,"column":1}},"14":{"start":{"line":25,"column":2},"end":{"line":27,"column":4}},"15":{"start":{"line":30,"column":31},"end":{"line":49,"column":2}},"16":{"start":{"line":54,"column":23},"end":{"line":83,"column":1}},"17":{"start":{"line":56,"column":2},"end":{"line":65,"column":3}},"18":{"start":{"line":57,"column":4},"end":{"line":64,"column":5}},"19":{"start":{"line":58,"column":25},"end":{"line":58,"column":63}},"20":{"start":{"line":59,"column":6},"end":{"line":59,"column":39}},"21":{"start":{"line":60,"column":6},"end":{"line":60,"column":67}},"22":{"start":{"line":62,"column":6},"end":{"line":62,"column":87}},"23":{"start":{"line":63,"column":6},"end":{"line":63,"column":18}},"24":{"start":{"line":67,"column":18},"end":{"line":67,"column":38}},"25":{"start":{"line":69,"column":2},"end":{"line":75,"column":5}},"26":{"start":{"line":70,"column":4},"end":{"line":74,"column":7}},"27":{"start":{"line":77,"column":2},"end":{"line":80,"column":5}},"28":{"start":{"line":78,"column":4},"end":{"line":78,"column":51}},"29":{"start":{"line":79,"column":4},"end":{"line":79,"column":21}},"30":{"start":{"line":82,"column":2},"end":{"line":82,"column":17}},"31":{"start":{"line":106,"column":9},"end":{"line":106,"column":23}},"32":{"start":{"line":86,"column":0},"end":{"line":104,"column":1}},"33":{"start":{"line":87,"column":2},"end":{"line":87,"column":30}},"34":{"start":{"line":89,"column":2},"end":{"line":95,"column":5}},"35":{"start":{"line":90,"column":4},"end":{"line":94,"column":7}},"36":{"start":{"line":97,"column":2},"end":{"line":100,"column":5}},"37":{"start":{"line":98,"column":4},"end":{"line":98,"column":51}},"38":{"start":{"line":99,"column":4},"end":{"line":99,"column":21}},"39":{"start":{"line":103,"column":2},"end":{"line":103,"column":21}},"40":{"start":{"line":110,"column":21},"end":{"line":121,"column":1}},"41":{"start":{"line":111,"column":16},"end":{"line":111,"column":26}},"42":{"start":{"line":112,"column":2},"end":{"line":120,"column":3}},"43":{"start":{"line":113,"column":16},"end":{"line":113,"column":46}},"44":{"start":{"line":114,"column":21},"end":{"line":114,"column":39}},"45":{"start":{"line":115,"column":4},"end":{"line":115,"column":75}},"46":{"start":{"line":116,"column":4},"end":{"line":116,"column":15}},"47":{"start":{"line":118,"column":4},"end":{"line":118,"column":49}},"48":{"start":{"line":119,"column":4},"end":{"line":119,"column":16}},"49":{"start":{"line":110,"column":13},"end":{"line":110,"column":21}},"50":{"start":{"line":123,"column":25},"end":{"line":149,"column":1}},"51":{"start":{"line":124,"column":17},"end":{"line":124,"column":37}},"52":{"start":{"line":125,"column":24},"end":{"line":125,"column":49}},"53":{"start":{"line":126,"column":26},"end":{"line":126,"column":53}},"54":{"start":{"line":129,"column":3},"end":{"line":140,"column":4}},"55":{"start":{"line":130,"column":18},"end":{"line":130,"column":28}},"56":{"start":{"line":131,"column":20},"end":{"line":131,"column":50}},"57":{"start":{"line":132,"column":4},"end":{"line":138,"column":5}},"58":{"start":{"line":133,"column":6},"end":{"line":137,"column":9}},"59":{"start":{"line":134,"column":25},"end":{"line":134,"column":43}},"60":{"start":{"line":135,"column":8},"end":{"line":135,"column":73}},"61":{"start":{"line":136,"column":8},"end":{"line":136,"column":19}},"62":{"start":{"line":139,"column":4},"end":{"line":139,"column":18}},"63":{"start":{"line":143,"column":2},"end":{"line":146,"column":4}},"64":{"start":{"line":144,"column":4},"end":{"line":144,"column":36}},"65":{"start":{"line":145,"column":4},"end":{"line":145,"column":29}},"66":{"start":{"line":148,"column":2},"end":{"line":148,"column":16}},"67":{"start":{"line":123,"column":13},"end":{"line":123,"column":25}},"68":{"start":{"line":151,"column":0},"end":{"line":151,"column":20}}},"fnMap":{"0":{"name":"(anonymous_0)","decl":{"start":{"line":54,"column":23},"end":{"line":54,"column":28}},"loc":{"start":{"line":54,"column":49},"end":{"line":83,"column":1}}},"1":{"name":"(anonymous_1)","decl":{"start":{"line":69,"column":24},"end":{"line":69,"column":27}},"loc":{"start":{"line":69,"column":29},"end":{"line":75,"column":3}}},"2":{"name":"(anonymous_2)","decl":{"start":{"line":77,"column":22},"end":{"line":77,"column":23}},"loc":{"start":{"line":77,"column":30},"end":{"line":80,"column":3}}},"3":{"name":"(anonymous_3)","decl":{"start":{"line":89,"column":21},"end":{"line":89,"column":24}},"loc":{"start":{"line":89,"column":26},"end":{"line":95,"column":3}}},"4":{"name":"(anonymous_4)","decl":{"start":{"line":97,"column":19},"end":{"line":97,"column":20}},"loc":{"start":{"line":97,"column":27},"end":{"line":100,"column":3}}},"5":{"name":"(anonymous_5)","decl":{"start":{"line":110,"column":21},"end":{"line":110,"column":26}},"loc":{"start":{"line":110,"column":60},"end":{"line":121,"column":1}}},"6":{"name":"(anonymous_6)","decl":{"start":{"line":123,"column":25},"end":{"line":123,"column":30}},"loc":{"start":{"line":123,"column":36},"end":{"line":149,"column":1}}},"7":{"name":"(anonymous_7)","decl":{"start":{"line":129,"column":26},"end":{"line":129,"column":27}},"loc":{"start":{"line":129,"column":50},"end":{"line":140,"column":3}}},"8":{"name":"(anonymous_8)","decl":{"start":{"line":133,"column":25},"end":{"line":133,"column":26}},"loc":{"start":{"line":133,"column":38},"end":{"line":137,"column":7}}},"9":{"name":"(anonymous_9)","decl":{"start":{"line":143,"column":19},"end":{"line":143,"column":22}},"loc":{"start":{"line":143,"column":24},"end":{"line":146,"column":3}}}},"branchMap":{"0":{"loc":{"start":{"line":6,"column":0},"end":{"line":8,"column":1}},"type":"if","locations":[{"start":{"line":6,"column":0},"end":{"line":8,"column":1}}]},"1":{"loc":{"start":{"line":6,"column":4},"end":{"line":6,"column":59}},"type":"binary-expr","locations":[{"start":{"line":6,"column":4},"end":{"line":6,"column":24}},{"start":{"line":6,"column":28},"end":{"line":6,"column":59}}]},"2":{"loc":{"start":{"line":9,"column":0},"end":{"line":11,"column":1}},"type":"if","locations":[{"start":{"line":9,"column":0},"end":{"line":11,"column":1}}]},"3":{"loc":{"start":{"line":9,"column":4},"end":{"line":9,"column":59}},"type":"binary-expr","locations":[{"start":{"line":9,"column":4},"end":{"line":9,"column":24}},{"start":{"line":9,"column":28},"end":{"line":9,"column":59}}]},"4":{"loc":{"start":{"line":12,"column":0},"end":{"line":14,"column":1}},"type":"if","locations":[{"start":{"line":12,"column":0},"end":{"line":14,"column":1}}]},"5":{"loc":{"start":{"line":12,"column":4},"end":{"line":12,"column":59}},"type":"binary-expr","locations":[{"start":{"line":12,"column":4},"end":{"line":12,"column":24}},{"start":{"line":12,"column":28},"end":{"line":12,"column":59}}]},"6":{"loc":{"start":{"line":15,"column":0},"end":{"line":17,"column":1}},"type":"if","locations":[{"start":{"line":15,"column":0},"end":{"line":17,"column":1}}]},"7":{"loc":{"start":{"line":15,"column":4},"end":{"line":15,"column":63}},"type":"binary-expr","locations":[{"start":{"line":15,"column":4},"end":{"line":15,"column":28}},{"start":{"line":15,"column":32},"end":{"line":15,"column":63}}]},"8":{"loc":{"start":{"line":21,"column":19},"end":{"line":21,"column":64}},"type":"binary-expr","locations":[{"start":{"line":21,"column":19},"end":{"line":21,"column":48}},{"start":{"line":21,"column":52},"end":{"line":21,"column":64}}]},"9":{"loc":{"start":{"line":24,"column":0},"end":{"line":28,"column":1}},"type":"if","locations":[{"start":{"line":24,"column":0},"end":{"line":28,"column":1}}]},"10":{"loc":{"start":{"line":24,"column":4},"end":{"line":24,"column":31}},"type":"binary-expr","locations":[{"start":{"line":24,"column":4},"end":{"line":24,"column":16}},{"start":{"line":24,"column":20},"end":{"line":24,"column":31}}]},"11":{"loc":{"start":{"line":31,"column":8},"end":{"line":31,"column":42}},"type":"binary-expr","locations":[{"start":{"line":31,"column":8},"end":{"line":31,"column":27}},{"start":{"line":31,"column":31},"end":{"line":31,"column":42}}]},"12":{"loc":{"start":{"line":32,"column":17},"end":{"line":32,"column":46}},"type":"binary-expr","locations":[{"start":{"line":32,"column":17},"end":{"line":32,"column":36}},{"start":{"line":32,"column":40},"end":{"line":32,"column":46}}]},"13":{"loc":{"start":{"line":33,"column":12},"end":{"line":33,"column":44}},"type":"binary-expr","locations":[{"start":{"line":33,"column":12},"end":{"line":33,"column":31}},{"start":{"line":33,"column":35},"end":{"line":33,"column":44}}]},"14":{"loc":{"start":{"line":34,"column":8},"end":{"line":34,"column":42}},"type":"binary-expr","locations":[{"start":{"line":34,"column":8},"end":{"line":34,"column":27}},{"start":{"line":34,"column":31},"end":{"line":34,"column":42}}]},"15":{"loc":{"start":{"line":35,"column":12},"end":{"line":35,"column":54}},"type":"binary-expr","locations":[{"start":{"line":35,"column":12},"end":{"line":35,"column":35}},{"start":{"line":35,"column":39},"end":{"line":35,"column":54}}]},"16":{"loc":{"start":{"line":36,"column":16},"end":{"line":36,"column":46}},"type":"binary-expr","locations":[{"start":{"line":36,"column":16},"end":{"line":36,"column":39}},{"start":{"line":36,"column":43},"end":{"line":36,"column":46}}]},"17":{"loc":{"start":{"line":37,"column":16},"end":{"line":37,"column":47}},"type":"binary-expr","locations":[{"start":{"line":37,"column":16},"end":{"line":37,"column":39}},{"start":{"line":37,"column":43},"end":{"line":37,"column":47}}]},"18":{"loc":{"start":{"line":41,"column":7},"end":{"line":48,"column":11}},"type":"cond-expr","locations":[{"start":{"line":42,"column":6},"end":{"line":47,"column":null}},{"start":{"line":48,"column":6},"end":{"line":48,"column":11}}]},"19":{"loc":{"start":{"line":56,"column":2},"end":{"line":65,"column":3}},"type":"if","locations":[{"start":{"line":56,"column":2},"end":{"line":65,"column":3}}]},"20":{"loc":{"start":{"line":56,"column":6},"end":{"line":56,"column":84}},"type":"binary-expr","locations":[{"start":{"line":56,"column":6},"end":{"line":56,"column":43}},{"start":{"line":56,"column":47},"end":{"line":56,"column":84}}]},"21":{"loc":{"start":{"line":86,"column":0},"end":{"line":104,"column":1}},"type":"if","locations":[{"start":{"line":86,"column":0},"end":{"line":104,"column":1}},{"start":{"line":101,"column":7},"end":{"line":104,"column":1}}]},"22":{"loc":{"start":{"line":86,"column":4},"end":{"line":86,"column":82}},"type":"binary-expr","locations":[{"start":{"line":86,"column":4},"end":{"line":86,"column":41}},{"start":{"line":86,"column":45},"end":{"line":86,"column":82}}]},"23":{"loc":{"start":{"line":132,"column":4},"end":{"line":138,"column":5}},"type":"if","locations":[{"start":{"line":132,"column":4},"end":{"line":138,"column":5}}]},"24":{"loc":{"start":{"line":132,"column":8},"end":{"line":132,"column":51}},"type":"binary-expr","locations":[{"start":{"line":132,"column":8},"end":{"line":132,"column":14}},{"start":{"line":132,"column":18},"end":{"line":132,"column":51}}]}},"s":{"0":0,"1":0,"2":0,"3":0,"4":0,"5":0,"6":0,"7":0,"8":0,"9":0,"10":0,"11":0,"12":0,"13":0,"14":0,"15":0,"16":0,"17":0,"18":0,"19":0,"20":0,"21":0,"22":0,"23":0,"24":0,"25":0,"26":0,"27":0,"28":0,"29":0,"30":0,"31":0,"32":0,"33":0,"34":0,"35":0,"36":0,"37":0,"38":0,"39":0,"40":0,"41":0,"42":0,"43":0,"44":0,"45":0,"46":0,"47":0,"48":0,"49":0,"50":0,"51":0,"52":0,"53":0,"54":0,"55":0,"56":0,"57":0,"58":0,"59":0,"60":0,"61":0,"62":0,"63":0,"64":0,"65":0,"66":0,"67":0,"68":0},"f":{"0":0,"1":0,"2":0,"3":0,"4":0,"5":0,"6":0,"7":0,"8":0,"9":0},"b":{"0":[0],"1":[0,0],"2":[0],"3":[0,0],"4":[0],"5":[0,0],"6":[0],"7":[0,0],"8":[0,0],"9":[0],"10":[0,0],"11":[0,0],"12":[0,0],"13":[0,0],"14":[0,0],"15":[0,0],"16":[0,0],"17":[0,0],"18":[0,0],"19":[0],"20":[0,0],"21":[0,0],"22":[0,0],"23":[0],"24":[0,0]}}
,"/workspace/0b7880d6-2cef-4b48-8974-78cacd92c5e5/backend/src/config/redis.ts": {"path":"/workspace/0b7880d6-2cef-4b48-8974-78cacd92c5e5/backend/src/config/redis.ts","statementMap":{"0":{"start":{"line":1,"column":0},"end":{"line":1,"column":28}},"1":{"start":{"line":2,"column":0},"end":{"line":2,"column":41}},"2":{"start":{"line":5,"column":0},"end":{"line":7,"column":1}},"3":{"start":{"line":6,"column":2},"end":{"line":6,"column":65}},"4":{"start":{"line":9,"column":20},"end":{"line":23,"column":2}},"5":{"start":{"line":15,"column":18},"end":{"line":15,"column":44}},"6":{"start":{"line":16,"column":4},"end":{"line":16,"column":17}},"7":{"start":{"line":25,"column":13},"end":{"line":25,"column":44}},"8":{"start":{"line":27,"column":0},"end":{"line":29,"column":3}},"9":{"start":{"line":28,"column":2},"end":{"line":28,"column":46}},"10":{"start":{"line":31,"column":0},"end":{"line":33,"column":3}},"11":{"start":{"line":32,"column":2},"end":{"line":32,"column":46}},"12":{"start":{"line":35,"column":0},"end":{"line":37,"column":3}},"13":{"start":{"line":36,"column":2},"end":{"line":36,"column":32}},"14":{"start":{"line":39,"column":0},"end":{"line":39,"column":21}}},"fnMap":{"0":{"name":"(anonymous_1)","decl":{"start":{"line":14,"column":17},"end":{"line":14,"column":18}},"loc":{"start":{"line":14,"column":35},"end":{"line":17,"column":3}}},"1":{"name":"(anonymous_2)","decl":{"start":{"line":27,"column":20},"end":{"line":27,"column":23}},"loc":{"start":{"line":27,"column":25},"end":{"line":29,"column":1}}},"2":{"name":"(anonymous_3)","decl":{"start":{"line":31,"column":18},"end":{"line":31,"column":19}},"loc":{"start":{"line":31,"column":26},"end":{"line":33,"column":1}}},"3":{"name":"(anonymous_4)","decl":{"start":{"line":35,"column":18},"end":{"line":35,"column":21}},"loc":{"start":{"line":35,"column":23},"end":{"line":37,"column":1}}}},"branchMap":{"0":{"loc":{"start":{"line":5,"column":0},"end":{"line":7,"column":1}},"type":"if","locations":[{"start":{"line":5,"column":0},"end":{"line":7,"column":1}}]},"1":{"loc":{"start":{"line":5,"column":4},"end":{"line":5,"column":62}},"type":"binary-expr","locations":[{"start":{"line":5,"column":4},"end":{"line":5,"column":27}},{"start":{"line":5,"column":31},"end":{"line":5,"column":62}}]},"2":{"loc":{"start":{"line":9,"column":20},"end":{"line":23,"column":2}},"type":"cond-expr","locations":[{"start":{"line":9,"column":45},"end":{"line":18,"column":2}},{"start":{"line":18,"column":4},"end":{"line":23,"column":2}}]},"3":{"loc":{"start":{"line":11,"column":17},"end":{"line":11,"column":49}},"type":"binary-expr","locations":[{"start":{"line":11,"column":17},"end":{"line":11,"column":39}},{"start":{"line":11,"column":43},"end":{"line":11,"column":49}}]}},"s":{"0":0,"1":0,"2":0,"3":0,"4":0,"5":0,"6":0,"7":0,"8":0,"9":0,"10":0,"11":0,"12":0,"13":0,"14":0},"f":{"0":0,"1":0,"2":0,"3":0},"b":{"0":[0],"1":[0,0],"2":[0,0],"3":[0,0]}}
,"/workspace/0b7880d6-2cef-4b48-8974-78cacd92c5e5/backend/src/config/secrets.ts": {"path":"/workspace/0b7880d6-2cef-4b48-8974-78cacd92c5e5/backend/src/config/secrets.ts","statementMap":{"0":{"start":{"line":212,"column":0},"end":{"line":212,"column":7}},"1":{"start":{"line":225,"column":0},"end":{"line":225,"column":7}},"2":{"start":{"line":1,"column":0},"end":{"line":1,"column":94}},"3":{"start":{"line":2,"column":0},"end":{"line":2,"column":41}},"4":{"start":{"line":31,"column":66},"end":{"line":31,"column":75}},"5":{"start":{"line":32,"column":21},"end":{"line":32,"column":27}},"6":{"start":{"line":35,"column":4},"end":{"line":35,"column":34}},"7":{"start":{"line":38,"column":4},"end":{"line":42,"column":5}},"8":{"start":{"line":39,"column":6},"end":{"line":41,"column":8}},"9":{"start":{"line":45,"column":4},"end":{"line":51,"column":5}},"10":{"start":{"line":46,"column":6},"end":{"line":48,"column":7}},"11":{"start":{"line":47,"column":8},"end":{"line":47,"column":82}},"12":{"start":{"line":49,"column":6},"end":{"line":49,"column":78}},"13":{"start":{"line":50,"column":6},"end":{"line":50,"column":91}},"14":{"start":{"line":54,"column":4},"end":{"line":62,"column":5}},"15":{"start":{"line":55,"column":6},"end":{"line":57,"column":7}},"16":{"start":{"line":56,"column":8},"end":{"line":56,"column":85}},"17":{"start":{"line":58,"column":6},"end":{"line":58,"column":40}},"18":{"start":{"line":59,"column":6},"end":{"line":59,"column":42}},"19":{"start":{"line":60,"column":6},"end":{"line":60,"column":59}},"20":{"start":{"line":61,"column":6},"end":{"line":61,"column":105}},"21":{"start":{"line":65,"column":4},"end":{"line":67,"column":5}},"22":{"start":{"line":66,"column":6},"end":{"line":66,"column":84}},"23":{"start":{"line":77,"column":19},"end":{"line":77,"column":38}},"24":{"start":{"line":78,"column":4},"end":{"line":80,"column":5}},"25":{"start":{"line":79,"column":6},"end":{"line":79,"column":26}},"26":{"start":{"line":84,"column":4},"end":{"line":96,"column":5}},"27":{"start":{"line":86,"column":8},"end":{"line":86,"column":43}},"28":{"start":{"line":87,"column":8},"end":{"line":87,"column":14}},"29":{"start":{"line":89,"column":8},"end":{"line":89,"column":45}},"30":{"start":{"line":90,"column":8},"end":{"line":90,"column":14}},"31":{"start":{"line":92,"column":8},"end":{"line":92,"column":37}},"32":{"start":{"line":93,"column":8},"end":{"line":93,"column":14}},"33":{"start":{"line":95,"column":8},"end":{"line":95,"column":67}},"34":{"start":{"line":99,"column":4},"end":{"line":102,"column":7}},"35":{"start":{"line":104,"column":4},"end":{"line":104,"column":17}},"36":{"start":{"line":111,"column":4},"end":{"line":113,"column":5}},"37":{"start":{"line":112,"column":6},"end":{"line":112,"column":68}},"38":{"start":{"line":115,"column":4},"end":{"line":127,"column":5}},"39":{"start":{"line":116,"column":22},"end":{"line":116,"column":73}},"40":{"start":{"line":117,"column":23},"end":{"line":117,"column":57}},"41":{"start":{"line":119,"column":6},"end":{"line":121,"column":7}},"42":{"start":{"line":120,"column":8},"end":{"line":120,"column":37}},"43":{"start":{"line":123,"column":6},"end":{"line":123,"column":72}},"44":{"start":{"line":125,"column":6},"end":{"line":125,"column":96}},"45":{"start":{"line":126,"column":6},"end":{"line":126,"column":66}},"46":{"start":{"line":134,"column":4},"end":{"line":136,"column":5}},"47":{"start":{"line":135,"column":6},"end":{"line":135,"column":54}},"48":{"start":{"line":138,"column":4},"end":{"line":161,"column":5}},"49":{"start":{"line":139,"column":18},"end":{"line":139,"column":58}},"50":{"start":{"line":140,"column":23},"end":{"line":144,"column":8}},"51":{"start":{"line":146,"column":6},"end":{"line":148,"column":7}},"52":{"start":{"line":147,"column":8},"end":{"line":147,"column":91}},"53":{"start":{"line":150,"column":19},"end":{"line":150,"column":47}},"54":{"start":{"line":151,"column":20},"end":{"line":151,"column":62}},"55":{"start":{"line":153,"column":6},"end":{"line":155,"column":7}},"56":{"start":{"line":154,"column":8},"end":{"line":154,"column":87}},"57":{"start":{"line":157,"column":6},"end":{"line":157,"column":19}},"58":{"start":{"line":159,"column":6},"end":{"line":159,"column":97}},"59":{"start":{"line":160,"column":6},"end":{"line":160,"column":59}},"60":{"start":{"line":168,"column":18},"end":{"line":168,"column":34}},"61":{"start":{"line":169,"column":4},"end":{"line":171,"column":5}},"62":{"start":{"line":170,"column":6},"end":{"line":170,"column":64}},"63":{"start":{"line":172,"column":4},"end":{"line":172,"column":17}},"64":{"start":{"line":179,"column":4},"end":{"line":183,"column":5}},"65":{"start":{"line":180,"column":6},"end":{"line":180,"column":29}},"66":{"start":{"line":182,"column":6},"end":{"line":182,"column":25}},"67":{"start":{"line":188,"column":25},"end":{"line":204,"column":1}},"68":{"start":{"line":189,"column":19},"end":{"line":189,"column":73}},"69":{"start":{"line":191,"column":32},"end":{"line":191,"column":43}},"70":{"start":{"line":193,"column":2},"end":{"line":195,"column":3}},"71":{"start":{"line":194,"column":4},"end":{"line":194,"column":80}},"72":{"start":{"line":197,"column":2},"end":{"line":201,"column":3}},"73":{"start":{"line":198,"column":4},"end":{"line":198,"column":46}},"74":{"start":{"line":199,"column":4},"end":{"line":199,"column":48}},"75":{"start":{"line":200,"column":4},"end":{"line":200,"column":46}},"76":{"start":{"line":203,"column":2},"end":{"line":203,"column":16}},"77":{"start":{"line":206,"column":13},"end":{"line":206,"column":69}},"78":{"start":{"line":213,"column":2},"end":{"line":218,"column":3}},"79":{"start":{"line":214,"column":4},"end":{"line":214,"column":47}},"80":{"start":{"line":216,"column":4},"end":{"line":216,"column":64}},"81":{"start":{"line":217,"column":4},"end":{"line":217,"column":57}},"82":{"start":{"line":226,"column":2},"end":{"line":231,"column":3}},"83":{"start":{"line":227,"column":4},"end":{"line":227,"column":47}},"84":{"start":{"line":229,"column":4},"end":{"line":229,"column":64}},"85":{"start":{"line":230,"column":4},"end":{"line":230,"column":21}}},"fnMap":{"0":{"name":"(anonymous_0)","decl":{"start":{"line":34,"column":2},"end":{"line":34,"column":14}},"loc":{"start":{"line":34,"column":35},"end":{"line":68,"column":3}}},"1":{"name":"(anonymous_1)","decl":{"start":{"line":75,"column":2},"end":{"line":75,"column":7}},"loc":{"start":{"line":75,"column":29},"end":{"line":105,"column":3}}},"2":{"name":"(anonymous_2)","decl":{"start":{"line":110,"column":10},"end":{"line":110,"column":15}},"loc":{"start":{"line":110,"column":45},"end":{"line":128,"column":3}}},"3":{"name":"(anonymous_3)","decl":{"start":{"line":133,"column":10},"end":{"line":133,"column":15}},"loc":{"start":{"line":133,"column":40},"end":{"line":162,"column":3}}},"4":{"name":"(anonymous_4)","decl":{"start":{"line":167,"column":10},"end":{"line":167,"column":20}},"loc":{"start":{"line":167,"column":32},"end":{"line":173,"column":3}}},"5":{"name":"(anonymous_5)","decl":{"start":{"line":178,"column":2},"end":{"line":178,"column":12}},"loc":{"start":{"line":178,"column":25},"end":{"line":184,"column":3}}},"6":{"name":"(anonymous_6)","decl":{"start":{"line":188,"column":25},"end":{"line":188,"column":43}},"loc":{"start":{"line":188,"column":45},"end":{"line":204,"column":1}}},"7":{"name":"getRequiredSecret","decl":{"start":{"line":212,"column":22},"end":{"line":212,"column":39}},"loc":{"start":{"line":212,"column":51},"end":{"line":219,"column":1}}},"8":{"name":"getOptionalSecret","decl":{"start":{"line":225,"column":22},"end":{"line":225,"column":39}},"loc":{"start":{"line":225,"column":51},"end":{"line":232,"column":1}}}},"branchMap":{"0":{"loc":{"start":{"line":38,"column":4},"end":{"line":42,"column":5}},"type":"if","locations":[{"start":{"line":38,"column":4},"end":{"line":42,"column":5}}]},"1":{"loc":{"start":{"line":38,"column":8},"end":{"line":38,"column":71}},"type":"binary-expr","locations":[{"start":{"line":38,"column":8},"end":{"line":38,"column":45}},{"start":{"line":38,"column":49},"end":{"line":38,"column":71}}]},"2":{"loc":{"start":{"line":45,"column":4},"end":{"line":51,"column":5}},"type":"if","locations":[{"start":{"line":45,"column":4},"end":{"line":51,"column":5}}]},"3":{"loc":{"start":{"line":46,"column":6},"end":{"line":48,"column":7}},"type":"if","locations":[{"start":{"line":46,"column":6},"end":{"line":48,"column":7}}]},"4":{"loc":{"start":{"line":54,"column":4},"end":{"line":62,"column":5}},"type":"if","locations":[{"start":{"line":54,"column":4},"end":{"line":62,"column":5}}]},"5":{"loc":{"start":{"line":55,"column":6},"end":{"line":57,"column":7}},"type":"if","locations":[{"start":{"line":55,"column":6},"end":{"line":57,"column":7}}]},"6":{"loc":{"start":{"line":55,"column":10},"end":{"line":55,"column":49}},"type":"binary-expr","locations":[{"start":{"line":55,"column":10},"end":{"line":55,"column":27}},{"start":{"line":55,"column":31},"end":{"line":55,"column":49}}]},"7":{"loc":{"start":{"line":60,"column":23},"end":{"line":60,"column":58}},"type":"binary-expr","locations":[{"start":{"line":60,"column":23},"end":{"line":60,"column":39}},{"start":{"line":60,"column":43},"end":{"line":60,"column":58}}]},"8":{"loc":{"start":{"line":65,"column":4},"end":{"line":67,"column":5}},"type":"if","locations":[{"start":{"line":65,"column":4},"end":{"line":67,"column":5}}]},"9":{"loc":{"start":{"line":78,"column":4},"end":{"line":80,"column":5}},"type":"if","locations":[{"start":{"line":78,"column":4},"end":{"line":80,"column":5}}]},"10":{"loc":{"start":{"line":78,"column":8},"end":{"line":78,"column":44}},"type":"binary-expr","locations":[{"start":{"line":78,"column":8},"end":{"line":78,"column":14}},{"start":{"line":78,"column":18},"end":{"line":78,"column":44}}]},"11":{"loc":{"start":{"line":84,"column":4},"end":{"line":96,"column":5}},"type":"switch","locations":[{"start":{"line":85,"column":6},"end":{"line":87,"column":14}},{"start":{"line":88,"column":6},"end":{"line":90,"column":14}},{"start":{"line":91,"column":6},"end":{"line":93,"column":14}},{"start":{"line":94,"column":6},"end":{"line":95,"column":67}}]},"12":{"loc":{"start":{"line":111,"column":4},"end":{"line":113,"column":5}},"type":"if","locations":[{"start":{"line":111,"column":4},"end":{"line":113,"column":5}}]},"13":{"loc":{"start":{"line":119,"column":6},"end":{"line":121,"column":7}},"type":"if","locations":[{"start":{"line":119,"column":6},"end":{"line":121,"column":7}}]},"14":{"loc":{"start":{"line":134,"column":4},"end":{"line":136,"column":5}},"type":"if","locations":[{"start":{"line":134,"column":4},"end":{"line":136,"column":5}}]},"15":{"loc":{"start":{"line":134,"column":8},"end":{"line":134,"column":43}},"type":"binary-expr","locations":[{"start":{"line":134,"column":8},"end":{"line":134,"column":23}},{"start":{"line":134,"column":27},"end":{"line":134,"column":43}}]},"16":{"loc":{"start":{"line":146,"column":6},"end":{"line":148,"column":7}},"type":"if","locations":[{"start":{"line":146,"column":6},"end":{"line":148,"column":7}}]},"17":{"loc":{"start":{"line":151,"column":20},"end":{"line":151,"column":62}},"type":"binary-expr","locations":[{"start":{"line":151,"column":20},"end":{"line":151,"column":42}},{"start":{"line":151,"column":46},"end":{"line":151,"column":62}}]},"18":{"loc":{"start":{"line":153,"column":6},"end":{"line":155,"column":7}},"type":"if","locations":[{"start":{"line":153,"column":6},"end":{"line":155,"column":7}}]},"19":{"loc":{"start":{"line":169,"column":4},"end":{"line":171,"column":5}},"type":"if","locations":[{"start":{"line":169,"column":4},"end":{"line":171,"column":5}}]},"20":{"loc":{"start":{"line":179,"column":4},"end":{"line":183,"column":5}},"type":"if","locations":[{"start":{"line":179,"column":4},"end":{"line":183,"column":5}},{"start":{"line":181,"column":11},"end":{"line":183,"column":5}}]},"21":{"loc":{"start":{"line":189,"column":19},"end":{"line":189,"column":73}},"type":"binary-expr","locations":[{"start":{"line":189,"column":19},"end":{"line":189,"column":64}},{"start":{"line":189,"column":68},"end":{"line":189,"column":73}}]},"22":{"loc":{"start":{"line":193,"column":2},"end":{"line":195,"column":3}},"type":"if","locations":[{"start":{"line":193,"column":2},"end":{"line":195,"column":3}}]},"23":{"loc":{"start":{"line":194,"column":23},"end":{"line":194,"column":79}},"type":"binary-expr","locations":[{"start":{"line":194,"column":23},"end":{"line":194,"column":45}},{"start":{"line":194,"column":49},"end":{"line":194,"column":79}}]},"24":{"loc":{"start":{"line":197,"column":2},"end":{"line":201,"column":3}},"type":"if","locations":[{"start":{"line":197,"column":2},"end":{"line":201,"column":3}}]}},"s":{"0":0,"1":0,"2":0,"3":0,"4":0,"5":0,"6":0,"7":0,"8":0,"9":0,"10":0,"11":0,"12":0,"13":0,"14":0,"15":0,"16":0,"17":0,"18":0,"19":0,"20":0,"21":0,"22":0,"23":0,"24":0,"25":0,"26":0,"27":0,"28":0,"29":0,"30":0,"31":0,"32":0,"33":0,"34":0,"35":0,"36":0,"37":0,"38":0,"39":0,"40":0,"41":0,"42":0,"43":0,"44":0,"45":0,"46":0,"47":0,"48":0,"49":0,"50":0,"51":0,"52":0,"53":0,"54":0,"55":0,"56":0,"57":0,"58":0,"59":0,"60":0,"61":0,"62":0,"63":0,"64":0,"65":0,"66":0,"67":0,"68":0,"69":0,"70":0,"71":0,"72":0,"73":0,"74":0,"75":0,"76":0,"77":0,"78":0,"79":0,"80":0,"81":0,"82":0,"83":0,"84":0,"85":0},"f":{"0":0,"1":0,"2":0,"3":0,"4":0,"5":0,"6":0,"7":0,"8":0},"b":{"0":[0],"1":[0,0],"2":[0],"3":[0],"4":[0],"5":[0],"6":[0,0],"7":[0,0],"8":[0],"9":[0],"10":[0,0],"11":[0,0,0,0],"12":[0],"13":[0],"14":[0],"15":[0,0],"16":[0],"17":[0,0],"18":[0],"19":[0],"20":[0,0],"21":[0,0],"22":[0],"23":[0,0],"24":[0]}}
,"/workspace/0b7880d6-2cef-4b48-8974-78cacd92c5e5/backend/src/controllers/apiKey.controller.ts": {"path":"/workspace/0b7880d6-2cef-4b48-8974-78cacd92c5e5/backend/src/controllers/apiKey.controller.ts","statementMap":{"0":{"start":{"line":3,"column":0},"end":{"line":3,"column":41}},"1":{"start":{"line":4,"column":0},"end":{"line":4,"column":43}},"2":{"start":{"line":5,"column":0},"end":{"line":5,"column":61}},"3":{"start":{"line":11,"column":28},"end":{"line":85,"column":1}},"4":{"start":{"line":12,"column":2},"end":{"line":84,"column":3}},"5":{"start":{"line":13,"column":62},"end":{"line":13,"column":70}},"6":{"start":{"line":15,"column":4},"end":{"line":21,"column":5}},"7":{"start":{"line":16,"column":6},"end":{"line":19,"column":9}},"8":{"start":{"line":20,"column":6},"end":{"line":20,"column":13}},"9":{"start":{"line":23,"column":4},"end":{"line":29,"column":5}},"10":{"start":{"line":24,"column":6},"end":{"line":27,"column":9}},"11":{"start":{"line":28,"column":6},"end":{"line":28,"column":13}},"12":{"start":{"line":32,"column":19},"end":{"line":32,"column":41}},"13":{"start":{"line":35,"column":20},"end":{"line":35,"column":44}},"14":{"start":{"line":38,"column":20},"end":{"line":38,"column":24}},"15":{"start":{"line":39,"column":4},"end":{"line":43,"column":5}},"16":{"start":{"line":40,"column":29},"end":{"line":40,"column":39}},"17":{"start":{"line":41,"column":6},"end":{"line":41,"column":71}},"18":{"start":{"line":42,"column":6},"end":{"line":42,"column":33}},"19":{"start":{"line":46,"column":19},"end":{"line":57,"column":null}},"20":{"start":{"line":60,"column":23},"end":{"line":60,"column":37}},"21":{"start":{"line":62,"column":4},"end":{"line":62,"column":67}},"22":{"start":{"line":65,"column":4},"end":{"line":77,"column":7}},"23":{"start":{"line":79,"column":4},"end":{"line":79,"column":50}},"24":{"start":{"line":80,"column":4},"end":{"line":83,"column":7}},"25":{"start":{"line":11,"column":13},"end":{"line":11,"column":28}},"26":{"start":{"line":91,"column":27},"end":{"line":128,"column":1}},"27":{"start":{"line":92,"column":2},"end":{"line":127,"column":3}},"28":{"start":{"line":93,"column":4},"end":{"line":99,"column":5}},"29":{"start":{"line":94,"column":6},"end":{"line":97,"column":9}},"30":{"start":{"line":98,"column":6},"end":{"line":98,"column":13}},"31":{"start":{"line":101,"column":19},"end":{"line":104,"column":null}},"32":{"start":{"line":107,"column":4},"end":{"line":120,"column":7}},"33":{"start":{"line":109,"column":36},"end":{"line":119,"column":8}},"34":{"start":{"line":122,"column":4},"end":{"line":122,"column":50}},"35":{"start":{"line":123,"column":4},"end":{"line":126,"column":7}},"36":{"start":{"line":91,"column":13},"end":{"line":91,"column":27}},"37":{"start":{"line":134,"column":28},"end":{"line":176,"column":1}},"38":{"start":{"line":135,"column":2},"end":{"line":175,"column":3}},"39":{"start":{"line":136,"column":19},"end":{"line":136,"column":29}},"40":{"start":{"line":138,"column":4},"end":{"line":144,"column":5}},"41":{"start":{"line":139,"column":6},"end":{"line":142,"column":9}},"42":{"start":{"line":143,"column":6},"end":{"line":143,"column":13}},"43":{"start":{"line":146,"column":19},"end":{"line":148,"column":null}},"44":{"start":{"line":151,"column":4},"end":{"line":157,"column":5}},"45":{"start":{"line":152,"column":6},"end":{"line":155,"column":9}},"46":{"start":{"line":156,"column":6},"end":{"line":156,"column":13}},"47":{"start":{"line":159,"column":4},"end":{"line":159,"column":82}},"48":{"start":{"line":161,"column":4},"end":{"line":168,"column":7}},"49":{"start":{"line":170,"column":4},"end":{"line":170,"column":50}},"50":{"start":{"line":171,"column":4},"end":{"line":174,"column":7}},"51":{"start":{"line":134,"column":13},"end":{"line":134,"column":28}},"52":{"start":{"line":182,"column":28},"end":{"line":224,"column":1}},"53":{"start":{"line":183,"column":2},"end":{"line":223,"column":3}},"54":{"start":{"line":184,"column":19},"end":{"line":184,"column":29}},"55":{"start":{"line":186,"column":4},"end":{"line":192,"column":5}},"56":{"start":{"line":187,"column":6},"end":{"line":190,"column":9}},"57":{"start":{"line":191,"column":6},"end":{"line":191,"column":13}},"58":{"start":{"line":194,"column":19},"end":{"line":196,"column":null}},"59":{"start":{"line":199,"column":4},"end":{"line":205,"column":5}},"60":{"start":{"line":200,"column":6},"end":{"line":203,"column":9}},"61":{"start":{"line":204,"column":6},"end":{"line":204,"column":13}},"62":{"start":{"line":207,"column":4},"end":{"line":207,"column":82}},"63":{"start":{"line":209,"column":4},"end":{"line":216,"column":7}},"64":{"start":{"line":218,"column":4},"end":{"line":218,"column":50}},"65":{"start":{"line":219,"column":4},"end":{"line":222,"column":7}},"66":{"start":{"line":182,"column":13},"end":{"line":182,"column":28}},"67":{"start":{"line":230,"column":28},"end":{"line":317,"column":1}},"68":{"start":{"line":231,"column":2},"end":{"line":316,"column":3}},"69":{"start":{"line":232,"column":19},"end":{"line":232,"column":29}},"70":{"start":{"line":234,"column":4},"end":{"line":240,"column":5}},"71":{"start":{"line":235,"column":6},"end":{"line":238,"column":9}},"72":{"start":{"line":239,"column":6},"end":{"line":239,"column":13}},"73":{"start":{"line":243,"column":24},"end":{"line":245,"column":null}},"74":{"start":{"line":248,"column":4},"end":{"line":254,"column":5}},"75":{"start":{"line":249,"column":6},"end":{"line":252,"column":9}},"76":{"start":{"line":253,"column":6},"end":{"line":253,"column":13}},"77":{"start":{"line":256,"column":23},"end":{"line":256,"column":42}},"78":{"start":{"line":259,"column":22},"end":{"line":259,"column":44}},"79":{"start":{"line":260,"column":23},"end":{"line":260,"column":50}},"80":{"start":{"line":263,"column":4},"end":{"line":263,"column":25}},"81":{"start":{"line":265,"column":4},"end":{"line":309,"column":5}},"82":{"start":{"line":267,"column":6},"end":{"line":270,"column":8}},"83":{"start":{"line":273,"column":21},"end":{"line":284,"column":null}},"84":{"start":{"line":287,"column":6},"end":{"line":287,"column":28}},"85":{"start":{"line":289,"column":25},"end":{"line":289,"column":39}},"86":{"start":{"line":291,"column":6},"end":{"line":291,"column":80}},"87":{"start":{"line":293,"column":6},"end":{"line":305,"column":9}},"88":{"start":{"line":307,"column":6},"end":{"line":307,"column":30}},"89":{"start":{"line":308,"column":6},"end":{"line":308,"column":18}},"90":{"start":{"line":311,"column":4},"end":{"line":311,"column":50}},"91":{"start":{"line":312,"column":4},"end":{"line":315,"column":7}},"92":{"start":{"line":230,"column":13},"end":{"line":230,"column":28}}},"fnMap":{"0":{"name":"(anonymous_0)","decl":{"start":{"line":11,"column":28},"end":{"line":11,"column":33}},"loc":{"start":{"line":11,"column":85},"end":{"line":85,"column":1}}},"1":{"name":"(anonymous_1)","decl":{"start":{"line":91,"column":27},"end":{"line":91,"column":32}},"loc":{"start":{"line":91,"column":84},"end":{"line":128,"column":1}}},"2":{"name":"(anonymous_2)","decl":{"start":{"line":109,"column":28},"end":{"line":109,"column":31}},"loc":{"start":{"line":109,"column":36},"end":{"line":119,"column":8}}},"3":{"name":"(anonymous_3)","decl":{"start":{"line":134,"column":28},"end":{"line":134,"column":33}},"loc":{"start":{"line":134,"column":85},"end":{"line":176,"column":1}}},"4":{"name":"(anonymous_4)","decl":{"start":{"line":182,"column":28},"end":{"line":182,"column":33}},"loc":{"start":{"line":182,"column":85},"end":{"line":224,"column":1}}},"5":{"name":"(anonymous_5)","decl":{"start":{"line":230,"column":28},"end":{"line":230,"column":33}},"loc":{"start":{"line":230,"column":85},"end":{"line":317,"column":1}}}},"branchMap":{"0":{"loc":{"start":{"line":15,"column":4},"end":{"line":21,"column":5}},"type":"if","locations":[{"start":{"line":15,"column":4},"end":{"line":21,"column":5}}]},"1":{"loc":{"start":{"line":15,"column":8},"end":{"line":15,"column":69}},"type":"binary-expr","locations":[{"start":{"line":15,"column":8},"end":{"line":15,"column":13}},{"start":{"line":15,"column":17},"end":{"line":15,"column":41}},{"start":{"line":15,"column":45},"end":{"line":15,"column":69}}]},"2":{"loc":{"start":{"line":23,"column":4},"end":{"line":29,"column":5}},"type":"if","locations":[{"start":{"line":23,"column":4},"end":{"line":29,"column":5}}]},"3":{"loc":{"start":{"line":39,"column":4},"end":{"line":43,"column":5}},"type":"if","locations":[{"start":{"line":39,"column":4},"end":{"line":43,"column":5}}]},"4":{"loc":{"start":{"line":39,"column":8},"end":{"line":39,"column":79}},"type":"binary-expr","locations":[{"start":{"line":39,"column":8},"end":{"line":39,"column":21}},{"start":{"line":39,"column":25},"end":{"line":39,"column":58}},{"start":{"line":39,"column":62},"end":{"line":39,"column":79}}]},"5":{"loc":{"start":{"line":53,"column":8},"end":{"line":53,"column":27}},"type":"binary-expr","locations":[{"start":{"line":53,"column":8},"end":{"line":53,"column":19}},{"start":{"line":53,"column":23},"end":{"line":53,"column":27}}]},"6":{"loc":{"start":{"line":54,"column":23},"end":{"line":54,"column":40}},"type":"binary-expr","locations":[{"start":{"line":54,"column":23},"end":{"line":54,"column":34}},{"start":{"line":54,"column":38},"end":{"line":54,"column":40}}]},"7":{"loc":{"start":{"line":93,"column":4},"end":{"line":99,"column":5}},"type":"if","locations":[{"start":{"line":93,"column":4},"end":{"line":99,"column":5}}]},"8":{"loc":{"start":{"line":138,"column":4},"end":{"line":144,"column":5}},"type":"if","locations":[{"start":{"line":138,"column":4},"end":{"line":144,"column":5}}]},"9":{"loc":{"start":{"line":151,"column":4},"end":{"line":157,"column":5}},"type":"if","locations":[{"start":{"line":151,"column":4},"end":{"line":157,"column":5}}]},"10":{"loc":{"start":{"line":186,"column":4},"end":{"line":192,"column":5}},"type":"if","locations":[{"start":{"line":186,"column":4},"end":{"line":192,"column":5}}]},"11":{"loc":{"start":{"line":199,"column":4},"end":{"line":205,"column":5}},"type":"if","locations":[{"start":{"line":199,"column":4},"end":{"line":205,"column":5}}]},"12":{"loc":{"start":{"line":234,"column":4},"end":{"line":240,"column":5}},"type":"if","locations":[{"start":{"line":234,"column":4},"end":{"line":240,"column":5}}]},"13":{"loc":{"start":{"line":248,"column":4},"end":{"line":254,"column":5}},"type":"if","locations":[{"start":{"line":248,"column":4},"end":{"line":254,"column":5}}]}},"s":{"0":0,"1":0,"2":0,"3":0,"4":0,"5":0,"6":0,"7":0,"8":0,"9":0,"10":0,"11":0,"12":0,"13":0,"14":0,"15":0,"16":0,"17":0,"18":0,"19":0,"20":0,"21":0,"22":0,"23":0,"24":0,"25":0,"26":0,"27":0,"28":0,"29":0,"30":0,"31":0,"32":0,"33":0,"34":0,"35":0,"36":0,"37":0,"38":0,"39":0,"40":0,"41":0,"42":0,"43":0,"44":0,"45":0,"46":0,"47":0,"48":0,"49":0,"50":0,"51":0,"52":0,"53":0,"54":0,"55":0,"56":0,"57":0,"58":0,"59":0,"60":0,"61":0,"62":0,"63":0,"64":0,"65":0,"66":0,"67":0,"68":0,"69":0,"70":0,"71":0,"72":0,"73":0,"74":0,"75":0,"76":0,"77":0,"78":0,"79":0,"80":0,"81":0,"82":0,"83":0,"84":0,"85":0,"86":0,"87":0,"88":0,"89":0,"90":0,"91":0,"92":0},"f":{"0":0,"1":0,"2":0,"3":0,"4":0,"5":0},"b":{"0":[0],"1":[0,0,0],"2":[0],"3":[0],"4":[0,0,0],"5":[0,0],"6":[0,0],"7":[0],"8":[0],"9":[0],"10":[0],"11":[0],"12":[0],"13":[0]}}
,"/workspace/0b7880d6-2cef-4b48-8974-78cacd92c5e5/backend/src/controllers/auth.controller.ts": {"path":"/workspace/0b7880d6-2cef-4b48-8974-78cacd92c5e5/backend/src/controllers/auth.controller.ts","statementMap":{"0":{"start":{"line":2,"column":0},"end":{"line":2,"column":31}},"1":{"start":{"line":3,"column":0},"end":{"line":3,"column":32}},"2":{"start":{"line":4,"column":0},"end":{"line":4,"column":41}},"3":{"start":{"line":5,"column":0},"end":{"line":5,"column":43}},"4":{"start":{"line":6,"column":0},"end":{"line":6,"column":36}},"5":{"start":{"line":9,"column":0},"end":{"line":11,"column":1}},"6":{"start":{"line":10,"column":2},"end":{"line":10,"column":65}},"7":{"start":{"line":12,"column":0},"end":{"line":14,"column":1}},"8":{"start":{"line":13,"column":2},"end":{"line":13,"column":73}},"9":{"start":{"line":16,"column":19},"end":{"line":16,"column":41}},"10":{"start":{"line":17,"column":23},"end":{"line":17,"column":57}},"11":{"start":{"line":18,"column":27},"end":{"line":18,"column":57}},"12":{"start":{"line":19,"column":31},"end":{"line":19,"column":74}},"13":{"start":{"line":20,"column":19},"end":{"line":20,"column":57}},"14":{"start":{"line":21,"column":21},"end":{"line":21,"column":64}},"15":{"start":{"line":26,"column":24},"end":{"line":57,"column":1}},"16":{"start":{"line":27,"column":2},"end":{"line":56,"column":3}},"17":{"start":{"line":28,"column":24},"end":{"line":28,"column":34}},"18":{"start":{"line":30,"column":4},"end":{"line":36,"column":5}},"19":{"start":{"line":31,"column":6},"end":{"line":34,"column":9}},"20":{"start":{"line":35,"column":6},"end":{"line":35,"column":13}},"21":{"start":{"line":39,"column":18},"end":{"line":39,"column":56}},"22":{"start":{"line":42,"column":4},"end":{"line":42,"column":68}},"23":{"start":{"line":44,"column":4},"end":{"line":44,"column":59}},"24":{"start":{"line":46,"column":4},"end":{"line":49,"column":7}},"25":{"start":{"line":51,"column":4},"end":{"line":51,"column":50}},"26":{"start":{"line":52,"column":4},"end":{"line":55,"column":7}},"27":{"start":{"line":26,"column":13},"end":{"line":26,"column":24}},"28":{"start":{"line":62,"column":31},"end":{"line":171,"column":1}},"29":{"start":{"line":63,"column":2},"end":{"line":170,"column":3}},"30":{"start":{"line":64,"column":35},"end":{"line":64,"column":43}},"31":{"start":{"line":66,"column":4},"end":{"line":72,"column":5}},"32":{"start":{"line":67,"column":6},"end":{"line":70,"column":9}},"33":{"start":{"line":71,"column":6},"end":{"line":71,"column":13}},"34":{"start":{"line":74,"column":4},"end":{"line":80,"column":5}},"35":{"start":{"line":75,"column":6},"end":{"line":78,"column":9}},"36":{"start":{"line":79,"column":6},"end":{"line":79,"column":13}},"37":{"start":{"line":83,"column":18},"end":{"line":83,"column":67}},"38":{"start":{"line":85,"column":4},"end":{"line":91,"column":5}},"39":{"start":{"line":86,"column":6},"end":{"line":89,"column":9}},"40":{"start":{"line":90,"column":6},"end":{"line":90,"column":13}},"41":{"start":{"line":94,"column":20},"end":{"line":94,"column":87}},"42":{"start":{"line":95,"column":29},"end":{"line":95,"column":69}},"43":{"start":{"line":97,"column":4},"end":{"line":103,"column":5}},"44":{"start":{"line":98,"column":6},"end":{"line":101,"column":9}},"45":{"start":{"line":102,"column":6},"end":{"line":102,"column":13}},"46":{"start":{"line":106,"column":4},"end":{"line":106,"column":54}},"47":{"start":{"line":109,"column":24},"end":{"line":111,"column":null}},"48":{"start":{"line":114,"column":20},"end":{"line":114,"column":79}},"49":{"start":{"line":117,"column":24},"end":{"line":124,"column":null}},"50":{"start":{"line":127,"column":25},"end":{"line":134,"column":null}},"51":{"start":{"line":138,"column":4},"end":{"line":142,"column":6}},"52":{"start":{"line":145,"column":4},"end":{"line":151,"column":6}},"53":{"start":{"line":153,"column":4},"end":{"line":153,"column":50}},"54":{"start":{"line":155,"column":4},"end":{"line":163,"column":7}},"55":{"start":{"line":165,"column":4},"end":{"line":165,"column":53}},"56":{"start":{"line":166,"column":4},"end":{"line":169,"column":7}},"57":{"start":{"line":62,"column":13},"end":{"line":62,"column":31}},"58":{"start":{"line":176,"column":28},"end":{"line":245,"column":1}},"59":{"start":{"line":177,"column":2},"end":{"line":244,"column":3}},"60":{"start":{"line":178,"column":36},"end":{"line":178,"column":44}},"61":{"start":{"line":180,"column":4},"end":{"line":186,"column":5}},"62":{"start":{"line":181,"column":6},"end":{"line":184,"column":9}},"63":{"start":{"line":185,"column":6},"end":{"line":185,"column":13}},"64":{"start":{"line":189,"column":20},"end":{"line":194,"column":null}},"65":{"start":{"line":201,"column":24},"end":{"line":201,"column":69}},"66":{"start":{"line":203,"column":4},"end":{"line":209,"column":5}},"67":{"start":{"line":204,"column":6},"end":{"line":207,"column":9}},"68":{"start":{"line":208,"column":6},"end":{"line":208,"column":13}},"69":{"start":{"line":212,"column":24},"end":{"line":214,"column":null}},"70":{"start":{"line":217,"column":20},"end":{"line":217,"column":79}},"71":{"start":{"line":220,"column":24},"end":{"line":227,"column":null}},"72":{"start":{"line":230,"column":4},"end":{"line":237,"column":7}},"73":{"start":{"line":239,"column":4},"end":{"line":239,"column":50}},"74":{"start":{"line":240,"column":4},"end":{"line":243,"column":7}},"75":{"start":{"line":176,"column":13},"end":{"line":176,"column":28}},"76":{"start":{"line":250,"column":22},"end":{"line":278,"column":1}},"77":{"start":{"line":251,"column":2},"end":{"line":277,"column":3}},"78":{"start":{"line":252,"column":24},"end":{"line":252,"column":32}},"79":{"start":{"line":254,"column":4},"end":{"line":260,"column":5}},"80":{"start":{"line":255,"column":6},"end":{"line":258,"column":9}},"81":{"start":{"line":259,"column":6},"end":{"line":259,"column":13}},"82":{"start":{"line":263,"column":4},"end":{"line":263,"column":56}},"83":{"start":{"line":265,"column":4},"end":{"line":265,"column":47}},"84":{"start":{"line":267,"column":4},"end":{"line":270,"column":7}},"85":{"start":{"line":272,"column":4},"end":{"line":272,"column":47}},"86":{"start":{"line":273,"column":4},"end":{"line":276,"column":7}},"87":{"start":{"line":250,"column":13},"end":{"line":250,"column":22}}},"fnMap":{"0":{"name":"(anonymous_1)","decl":{"start":{"line":26,"column":24},"end":{"line":26,"column":29}},"loc":{"start":{"line":26,"column":77},"end":{"line":57,"column":1}}},"1":{"name":"(anonymous_2)","decl":{"start":{"line":62,"column":31},"end":{"line":62,"column":36}},"loc":{"start":{"line":62,"column":84},"end":{"line":171,"column":1}}},"2":{"name":"(anonymous_3)","decl":{"start":{"line":176,"column":28},"end":{"line":176,"column":33}},"loc":{"start":{"line":176,"column":81},"end":{"line":245,"column":1}}},"3":{"name":"(anonymous_4)","decl":{"start":{"line":250,"column":22},"end":{"line":250,"column":27}},"loc":{"start":{"line":250,"column":75},"end":{"line":278,"column":1}}}},"branchMap":{"0":{"loc":{"start":{"line":9,"column":0},"end":{"line":11,"column":1}},"type":"if","locations":[{"start":{"line":9,"column":0},"end":{"line":11,"column":1}}]},"1":{"loc":{"start":{"line":12,"column":0},"end":{"line":14,"column":1}},"type":"if","locations":[{"start":{"line":12,"column":0},"end":{"line":14,"column":1}}]},"2":{"loc":{"start":{"line":17,"column":23},"end":{"line":17,"column":57}},"type":"binary-expr","locations":[{"start":{"line":17,"column":23},"end":{"line":17,"column":49}},{"start":{"line":17,"column":53},"end":{"line":17,"column":57}}]},"3":{"loc":{"start":{"line":19,"column":31},"end":{"line":19,"column":74}},"type":"binary-expr","locations":[{"start":{"line":19,"column":31},"end":{"line":19,"column":65}},{"start":{"line":19,"column":69},"end":{"line":19,"column":74}}]},"4":{"loc":{"start":{"line":20,"column":19},"end":{"line":20,"column":57}},"type":"binary-expr","locations":[{"start":{"line":20,"column":19},"end":{"line":20,"column":41}},{"start":{"line":20,"column":45},"end":{"line":20,"column":57}}]},"5":{"loc":{"start":{"line":21,"column":21},"end":{"line":21,"column":64}},"type":"binary-expr","locations":[{"start":{"line":21,"column":21},"end":{"line":21,"column":45}},{"start":{"line":21,"column":49},"end":{"line":21,"column":64}}]},"6":{"loc":{"start":{"line":30,"column":4},"end":{"line":36,"column":5}},"type":"if","locations":[{"start":{"line":30,"column":4},"end":{"line":36,"column":5}}]},"7":{"loc":{"start":{"line":30,"column":8},"end":{"line":30,"column":46}},"type":"binary-expr","locations":[{"start":{"line":30,"column":8},"end":{"line":30,"column":16}},{"start":{"line":30,"column":20},"end":{"line":30,"column":46}}]},"8":{"loc":{"start":{"line":66,"column":4},"end":{"line":72,"column":5}},"type":"if","locations":[{"start":{"line":66,"column":4},"end":{"line":72,"column":5}}]},"9":{"loc":{"start":{"line":66,"column":8},"end":{"line":66,"column":30}},"type":"binary-expr","locations":[{"start":{"line":66,"column":8},"end":{"line":66,"column":16}},{"start":{"line":66,"column":20},"end":{"line":66,"column":30}}]},"10":{"loc":{"start":{"line":74,"column":4},"end":{"line":80,"column":5}},"type":"if","locations":[{"start":{"line":74,"column":4},"end":{"line":80,"column":5}}]},"11":{"loc":{"start":{"line":85,"column":4},"end":{"line":91,"column":5}},"type":"if","locations":[{"start":{"line":85,"column":4},"end":{"line":91,"column":5}}]},"12":{"loc":{"start":{"line":97,"column":4},"end":{"line":103,"column":5}},"type":"if","locations":[{"start":{"line":97,"column":4},"end":{"line":103,"column":5}}]},"13":{"loc":{"start":{"line":114,"column":20},"end":{"line":114,"column":79}},"type":"binary-expr","locations":[{"start":{"line":114,"column":20},"end":{"line":114,"column":47}},{"start":{"line":114,"column":51},"end":{"line":114,"column":79}}]},"14":{"loc":{"start":{"line":180,"column":4},"end":{"line":186,"column":5}},"type":"if","locations":[{"start":{"line":180,"column":4},"end":{"line":186,"column":5}}]},"15":{"loc":{"start":{"line":203,"column":4},"end":{"line":209,"column":5}},"type":"if","locations":[{"start":{"line":203,"column":4},"end":{"line":209,"column":5}}]},"16":{"loc":{"start":{"line":217,"column":20},"end":{"line":217,"column":79}},"type":"binary-expr","locations":[{"start":{"line":217,"column":20},"end":{"line":217,"column":47}},{"start":{"line":217,"column":51},"end":{"line":217,"column":79}}]},"17":{"loc":{"start":{"line":254,"column":4},"end":{"line":260,"column":5}},"type":"if","locations":[{"start":{"line":254,"column":4},"end":{"line":260,"column":5}}]}},"s":{"0":0,"1":0,"2":0,"3":0,"4":0,"5":0,"6":0,"7":0,"8":0,"9":0,"10":0,"11":0,"12":0,"13":0,"14":0,"15":0,"16":0,"17":0,"18":0,"19":0,"20":0,"21":0,"22":0,"23":0,"24":0,"25":0,"26":0,"27":0,"28":0,"29":0,"30":0,"31":0,"32":0,"33":0,"34":0,"35":0,"36":0,"37":0,"38":0,"39":0,"40":0,"41":0,"42":0,"43":0,"44":0,"45":0,"46":0,"47":0,"48":0,"49":0,"50":0,"51":0,"52":0,"53":0,"54":0,"55":0,"56":0,"57":0,"58":0,"59":0,"60":0,"61":0,"62":0,"63":0,"64":0,"65":0,"66":0,"67":0,"68":0,"69":0,"70":0,"71":0,"72":0,"73":0,"74":0,"75":0,"76":0,"77":0,"78":0,"79":0,"80":0,"81":0,"82":0,"83":0,"84":0,"85":0,"86":0,"87":0},"f":{"0":0,"1":0,"2":0,"3":0},"b":{"0":[0],"1":[0],"2":[0,0],"3":[0,0],"4":[0,0],"5":[0,0],"6":[0],"7":[0,0],"8":[0],"9":[0,0],"10":[0],"11":[0],"12":[0],"13":[0,0],"14":[0],"15":[0],"16":[0,0],"17":[0]}}
,"/workspace/0b7880d6-2cef-4b48-8974-78cacd92c5e5/backend/src/controllers/profile.controller.ts": {"path":"/workspace/0b7880d6-2cef-4b48-8974-78cacd92c5e5/backend/src/controllers/profile.controller.ts","statementMap":{"0":{"start":{"line":2,"column":0},"end":{"line":2,"column":43}},"1":{"start":{"line":3,"column":0},"end":{"line":3,"column":68}},"2":{"start":{"line":9,"column":13},"end":{"line":33,"column":3}},"3":{"start":{"line":10,"column":15},"end":{"line":10,"column":54}},"4":{"start":{"line":11,"column":16},"end":{"line":11,"column":57}},"5":{"start":{"line":12,"column":17},"end":{"line":12,"column":35}},"6":{"start":{"line":14,"column":17},"end":{"line":16,"column":null}},"7":{"start":{"line":19,"column":22},"end":{"line":19,"column":66}},"8":{"start":{"line":20,"column":16},"end":{"line":20,"column":51}},"9":{"start":{"line":22,"column":47},"end":{"line":30,"column":4}},"10":{"start":{"line":32,"column":2},"end":{"line":32,"column":43}},"11":{"start":{"line":38,"column":13},"end":{"line":53,"column":2}},"12":{"start":{"line":40,"column":24},"end":{"line":40,"column":34}},"13":{"start":{"line":42,"column":19},"end":{"line":44,"column":null}},"14":{"start":{"line":47,"column":4},"end":{"line":49,"column":5}},"15":{"start":{"line":48,"column":6},"end":{"line":48,"column":51}},"16":{"start":{"line":51,"column":4},"end":{"line":51,"column":54}},"17":{"start":{"line":58,"column":13},"end":{"line":72,"column":2}},"18":{"start":{"line":60,"column":19},"end":{"line":60,"column":29}},"19":{"start":{"line":62,"column":19},"end":{"line":64,"column":6}},"20":{"start":{"line":66,"column":4},"end":{"line":68,"column":5}},"21":{"start":{"line":67,"column":6},"end":{"line":67,"column":51}},"22":{"start":{"line":70,"column":4},"end":{"line":70,"column":54}},"23":{"start":{"line":77,"column":13},"end":{"line":105,"column":2}},"24":{"start":{"line":79,"column":24},"end":{"line":79,"column":34}},"25":{"start":{"line":81,"column":26},"end":{"line":83,"column":null}},"26":{"start":{"line":86,"column":4},"end":{"line":88,"column":5}},"27":{"start":{"line":87,"column":6},"end":{"line":87,"column":51}},"28":{"start":{"line":90,"column":20},"end":{"line":90,"column":41}},"29":{"start":{"line":92,"column":25},"end":{"line":94,"column":null}},"30":{"start":{"line":97,"column":4},"end":{"line":103,"column":7}},"31":{"start":{"line":110,"column":13},"end":{"line":148,"column":2}},"32":{"start":{"line":112,"column":18},"end":{"line":112,"column":27}},"33":{"start":{"line":113,"column":17},"end":{"line":113,"column":56}},"34":{"start":{"line":114,"column":18},"end":{"line":114,"column":59}},"35":{"start":{"line":115,"column":19},"end":{"line":115,"column":37}},"36":{"start":{"line":117,"column":4},"end":{"line":119,"column":5}},"37":{"start":{"line":118,"column":6},"end":{"line":118,"column":55}},"38":{"start":{"line":121,"column":19},"end":{"line":126,"column":null}},"39":{"start":{"line":129,"column":24},"end":{"line":131,"column":null}},"40":{"start":{"line":134,"column":18},"end":{"line":134,"column":53}},"41":{"start":{"line":136,"column":49},"end":{"line":144,"column":6}},"42":{"start":{"line":146,"column":4},"end":{"line":146,"column":45}},"43":{"start":{"line":153,"column":13},"end":{"line":191,"column":2}},"44":{"start":{"line":155,"column":24},"end":{"line":155,"column":34}},"45":{"start":{"line":157,"column":26},"end":{"line":159,"column":null}},"46":{"start":{"line":162,"column":4},"end":{"line":164,"column":5}},"47":{"start":{"line":163,"column":6},"end":{"line":163,"column":51}},"48":{"start":{"line":166,"column":22},"end":{"line":166,"column":54}},"49":{"start":{"line":168,"column":60},"end":{"line":180,"column":6}},"50":{"start":{"line":182,"column":4},"end":{"line":189,"column":7}}},"fnMap":{"0":{"name":"(anonymous_0)","decl":{"start":{"line":9,"column":40},"end":{"line":9,"column":45}},"loc":{"start":{"line":9,"column":78},"end":{"line":33,"column":1}}},"1":{"name":"(anonymous_1)","decl":{"start":{"line":39,"column":2},"end":{"line":39,"column":7}},"loc":{"start":{"line":39,"column":40},"end":{"line":52,"column":3}}},"2":{"name":"(anonymous_2)","decl":{"start":{"line":59,"column":2},"end":{"line":59,"column":7}},"loc":{"start":{"line":59,"column":40},"end":{"line":71,"column":3}}},"3":{"name":"(anonymous_3)","decl":{"start":{"line":78,"column":2},"end":{"line":78,"column":7}},"loc":{"start":{"line":78,"column":40},"end":{"line":104,"column":3}}},"4":{"name":"(anonymous_4)","decl":{"start":{"line":111,"column":2},"end":{"line":111,"column":7}},"loc":{"start":{"line":111,"column":40},"end":{"line":147,"column":3}}},"5":{"name":"(anonymous_5)","decl":{"start":{"line":154,"column":2},"end":{"line":154,"column":7}},"loc":{"start":{"line":154,"column":40},"end":{"line":190,"column":3}}}},"branchMap":{"0":{"loc":{"start":{"line":10,"column":15},"end":{"line":10,"column":54}},"type":"binary-expr","locations":[{"start":{"line":10,"column":15},"end":{"line":10,"column":49}},{"start":{"line":10,"column":53},"end":{"line":10,"column":54}}]},"1":{"loc":{"start":{"line":11,"column":16},"end":{"line":11,"column":57}},"type":"binary-expr","locations":[{"start":{"line":11,"column":16},"end":{"line":11,"column":51}},{"start":{"line":11,"column":55},"end":{"line":11,"column":57}}]},"2":{"loc":{"start":{"line":47,"column":4},"end":{"line":49,"column":5}},"type":"if","locations":[{"start":{"line":47,"column":4},"end":{"line":49,"column":5}}]},"3":{"loc":{"start":{"line":66,"column":4},"end":{"line":68,"column":5}},"type":"if","locations":[{"start":{"line":66,"column":4},"end":{"line":68,"column":5}}]},"4":{"loc":{"start":{"line":86,"column":4},"end":{"line":88,"column":5}},"type":"if","locations":[{"start":{"line":86,"column":4},"end":{"line":88,"column":5}}]},"5":{"loc":{"start":{"line":113,"column":17},"end":{"line":113,"column":56}},"type":"binary-expr","locations":[{"start":{"line":113,"column":17},"end":{"line":113,"column":51}},{"start":{"line":113,"column":55},"end":{"line":113,"column":56}}]},"6":{"loc":{"start":{"line":114,"column":18},"end":{"line":114,"column":59}},"type":"binary-expr","locations":[{"start":{"line":114,"column":18},"end":{"line":114,"column":53}},{"start":{"line":114,"column":57},"end":{"line":114,"column":59}}]},"7":{"loc":{"start":{"line":117,"column":4},"end":{"line":119,"column":5}},"type":"if","locations":[{"start":{"line":117,"column":4},"end":{"line":119,"column":5}}]},"8":{"loc":{"start":{"line":162,"column":4},"end":{"line":164,"column":5}},"type":"if","locations":[{"start":{"line":162,"column":4},"end":{"line":164,"column":5}}]}},"s":{"0":0,"1":0,"2":0,"3":0,"4":0,"5":0,"6":0,"7":0,"8":0,"9":0,"10":0,"11":0,"12":0,"13":0,"14":0,"15":0,"16":0,"17":0,"18":0,"19":0,"20":0,"21":0,"22":0,"23":0,"24":0,"25":0,"26":0,"27":0,"28":0,"29":0,"30":0,"31":0,"32":0,"33":0,"34":0,"35":0,"36":0,"37":0,"38":0,"39":0,"40":0,"41":0,"42":0,"43":0,"44":0,"45":0,"46":0,"47":0,"48":0,"49":0,"50":0},"f":{"0":0,"1":0,"2":0,"3":0,"4":0,"5":0},"b":{"0":[0,0],"1":[0,0],"2":[0],"3":[0],"4":[0],"5":[0,0],"6":[0,0],"7":[0],"8":[0]}}
,"/workspace/0b7880d6-2cef-4b48-8974-78cacd92c5e5/backend/src/controllers/storage.controller.ts": {"path":"/workspace/0b7880d6-2cef-4b48-8974-78cacd92c5e5/backend/src/controllers/storage.controller.ts","statementMap":{"0":{"start":{"line":2,"column":0},"end":{"line":2,"column":77}},"1":{"start":{"line":3,"column":0},"end":{"line":3,"column":41}},"2":{"start":{"line":4,"column":0},"end":{"line":4,"column":43}},"3":{"start":{"line":9,"column":35},"end":{"line":53,"column":1}},"4":{"start":{"line":10,"column":2},"end":{"line":52,"column":3}},"5":{"start":{"line":11,"column":75},"end":{"line":11,"column":83}},"6":{"start":{"line":13,"column":4},"end":{"line":18,"column":5}},"7":{"start":{"line":14,"column":6},"end":{"line":17,"column":9}},"8":{"start":{"line":20,"column":37},"end":{"line":28,"column":6}},"9":{"start":{"line":30,"column":19},"end":{"line":30,"column":64}},"10":{"start":{"line":33,"column":4},"end":{"line":38,"column":6}},"11":{"start":{"line":40,"column":4},"end":{"line":40,"column":99}},"12":{"start":{"line":42,"column":4},"end":{"line":45,"column":7}},"13":{"start":{"line":47,"column":4},"end":{"line":47,"column":58}},"14":{"start":{"line":48,"column":4},"end":{"line":51,"column":7}},"15":{"start":{"line":9,"column":13},"end":{"line":9,"column":35}},"16":{"start":{"line":58,"column":37},"end":{"line":104,"column":1}},"17":{"start":{"line":59,"column":2},"end":{"line":103,"column":3}},"18":{"start":{"line":60,"column":70},"end":{"line":60,"column":78}},"19":{"start":{"line":62,"column":4},"end":{"line":67,"column":5}},"20":{"start":{"line":63,"column":6},"end":{"line":66,"column":9}},"21":{"start":{"line":69,"column":37},"end":{"line":79,"column":6}},"22":{"start":{"line":81,"column":19},"end":{"line":81,"column":64}},"23":{"start":{"line":84,"column":4},"end":{"line":89,"column":6}},"24":{"start":{"line":91,"column":4},"end":{"line":91,"column":105}},"25":{"start":{"line":93,"column":4},"end":{"line":96,"column":7}},"26":{"start":{"line":98,"column":4},"end":{"line":98,"column":60}},"27":{"start":{"line":99,"column":4},"end":{"line":102,"column":7}},"28":{"start":{"line":58,"column":13},"end":{"line":58,"column":37}},"29":{"start":{"line":109,"column":26},"end":{"line":136,"column":1}},"30":{"start":{"line":110,"column":2},"end":{"line":135,"column":3}},"31":{"start":{"line":111,"column":4},"end":{"line":116,"column":5}},"32":{"start":{"line":112,"column":6},"end":{"line":115,"column":9}},"33":{"start":{"line":118,"column":19},"end":{"line":120,"column":null}},"34":{"start":{"line":123,"column":4},"end":{"line":123,"column":48}},"35":{"start":{"line":125,"column":4},"end":{"line":128,"column":7}},"36":{"start":{"line":130,"column":4},"end":{"line":130,"column":48}},"37":{"start":{"line":131,"column":4},"end":{"line":134,"column":7}},"38":{"start":{"line":109,"column":13},"end":{"line":109,"column":26}},"39":{"start":{"line":141,"column":27},"end":{"line":170,"column":1}},"40":{"start":{"line":142,"column":2},"end":{"line":169,"column":3}},"41":{"start":{"line":143,"column":31},"end":{"line":143,"column":40}},"42":{"start":{"line":145,"column":4},"end":{"line":150,"column":5}},"43":{"start":{"line":146,"column":6},"end":{"line":149,"column":9}},"44":{"start":{"line":153,"column":4},"end":{"line":157,"column":5}},"45":{"start":{"line":154,"column":6},"end":{"line":154,"column":65}},"46":{"start":{"line":155,"column":11},"end":{"line":157,"column":5}},"47":{"start":{"line":156,"column":6},"end":{"line":156,"column":74}},"48":{"start":{"line":159,"column":4},"end":{"line":162,"column":7}},"49":{"start":{"line":164,"column":4},"end":{"line":164,"column":53}},"50":{"start":{"line":165,"column":4},"end":{"line":168,"column":7}},"51":{"start":{"line":141,"column":13},"end":{"line":141,"column":27}},"52":{"start":{"line":175,"column":26},"end":{"line":199,"column":1}},"53":{"start":{"line":176,"column":2},"end":{"line":198,"column":3}},"54":{"start":{"line":177,"column":20},"end":{"line":177,"column":28}},"55":{"start":{"line":179,"column":4},"end":{"line":184,"column":5}},"56":{"start":{"line":180,"column":6},"end":{"line":183,"column":9}},"57":{"start":{"line":186,"column":4},"end":{"line":186,"column":40}},"58":{"start":{"line":188,"column":4},"end":{"line":191,"column":7}},"59":{"start":{"line":193,"column":4},"end":{"line":193,"column":49}},"60":{"start":{"line":194,"column":4},"end":{"line":197,"column":7}},"61":{"start":{"line":175,"column":13},"end":{"line":175,"column":26}}},"fnMap":{"0":{"name":"(anonymous_1)","decl":{"start":{"line":9,"column":35},"end":{"line":9,"column":40}},"loc":{"start":{"line":9,"column":92},"end":{"line":53,"column":1}}},"1":{"name":"(anonymous_2)","decl":{"start":{"line":58,"column":37},"end":{"line":58,"column":42}},"loc":{"start":{"line":58,"column":94},"end":{"line":104,"column":1}}},"2":{"name":"(anonymous_3)","decl":{"start":{"line":109,"column":26},"end":{"line":109,"column":31}},"loc":{"start":{"line":109,"column":83},"end":{"line":136,"column":1}}},"3":{"name":"(anonymous_4)","decl":{"start":{"line":141,"column":27},"end":{"line":141,"column":32}},"loc":{"start":{"line":141,"column":84},"end":{"line":170,"column":1}}},"4":{"name":"(anonymous_5)","decl":{"start":{"line":175,"column":26},"end":{"line":175,"column":31}},"loc":{"start":{"line":175,"column":83},"end":{"line":199,"column":1}}}},"branchMap":{"0":{"loc":{"start":{"line":13,"column":4},"end":{"line":18,"column":5}},"type":"if","locations":[{"start":{"line":13,"column":4},"end":{"line":18,"column":5}}]},"1":{"loc":{"start":{"line":13,"column":8},"end":{"line":13,"column":41}},"type":"binary-expr","locations":[{"start":{"line":13,"column":8},"end":{"line":13,"column":16}},{"start":{"line":13,"column":20},"end":{"line":13,"column":25}},{"start":{"line":13,"column":29},"end":{"line":13,"column":41}}]},"2":{"loc":{"start":{"line":25,"column":18},"end":{"line":25,"column":34}},"type":"binary-expr","locations":[{"start":{"line":25,"column":18},"end":{"line":25,"column":28}},{"start":{"line":25,"column":32},"end":{"line":25,"column":34}}]},"3":{"loc":{"start":{"line":40,"column":65},"end":{"line":40,"column":95}},"type":"binary-expr","locations":[{"start":{"line":40,"column":65},"end":{"line":40,"column":75}},{"start":{"line":40,"column":79},"end":{"line":40,"column":95}}]},"4":{"loc":{"start":{"line":62,"column":4},"end":{"line":67,"column":5}},"type":"if","locations":[{"start":{"line":62,"column":4},"end":{"line":67,"column":5}}]},"5":{"loc":{"start":{"line":62,"column":8},"end":{"line":62,"column":27}},"type":"binary-expr","locations":[{"start":{"line":62,"column":8},"end":{"line":62,"column":18}},{"start":{"line":62,"column":22},"end":{"line":62,"column":27}}]},"6":{"loc":{"start":{"line":71,"column":19},"end":{"line":71,"column":28}},"type":"binary-expr","locations":[{"start":{"line":71,"column":19},"end":{"line":71,"column":22}},{"start":{"line":71,"column":26},"end":{"line":71,"column":28}}]},"7":{"loc":{"start":{"line":74,"column":21},"end":{"line":74,"column":38}},"type":"binary-expr","locations":[{"start":{"line":74,"column":21},"end":{"line":74,"column":32}},{"start":{"line":74,"column":36},"end":{"line":74,"column":38}}]},"8":{"loc":{"start":{"line":91,"column":71},"end":{"line":91,"column":101}},"type":"binary-expr","locations":[{"start":{"line":91,"column":71},"end":{"line":91,"column":81}},{"start":{"line":91,"column":85},"end":{"line":91,"column":101}}]},"9":{"loc":{"start":{"line":111,"column":4},"end":{"line":116,"column":5}},"type":"if","locations":[{"start":{"line":111,"column":4},"end":{"line":116,"column":5}}]},"10":{"loc":{"start":{"line":145,"column":4},"end":{"line":150,"column":5}},"type":"if","locations":[{"start":{"line":145,"column":4},"end":{"line":150,"column":5}}]},"11":{"loc":{"start":{"line":145,"column":8},"end":{"line":145,"column":26}},"type":"binary-expr","locations":[{"start":{"line":145,"column":8},"end":{"line":145,"column":12}},{"start":{"line":145,"column":16},"end":{"line":145,"column":26}}]},"12":{"loc":{"start":{"line":153,"column":4},"end":{"line":157,"column":5}},"type":"if","locations":[{"start":{"line":153,"column":4},"end":{"line":157,"column":5}},{"start":{"line":155,"column":11},"end":{"line":157,"column":5}}]},"13":{"loc":{"start":{"line":155,"column":11},"end":{"line":157,"column":5}},"type":"if","locations":[{"start":{"line":155,"column":11},"end":{"line":157,"column":5}}]},"14":{"loc":{"start":{"line":179,"column":4},"end":{"line":184,"column":5}},"type":"if","locations":[{"start":{"line":179,"column":4},"end":{"line":184,"column":5}}]}},"s":{"0":0,"1":0,"2":0,"3":0,"4":0,"5":0,"6":0,"7":0,"8":0,"9":0,"10":0,"11":0,"12":0,"13":0,"14":0,"15":0,"16":0,"17":0,"18":0,"19":0,"20":0,"21":0,"22":0,"23":0,"24":0,"25":0,"26":0,"27":0,"28":0,"29":0,"30":0,"31":0,"32":0,"33":0,"34":0,"35":0,"36":0,"37":0,"38":0,"39":0,"40":0,"41":0,"42":0,"43":0,"44":0,"45":0,"46":0,"47":0,"48":0,"49":0,"50":0,"51":0,"52":0,"53":0,"54":0,"55":0,"56":0,"57":0,"58":0,"59":0,"60":0,"61":0},"f":{"0":0,"1":0,"2":0,"3":0,"4":0},"b":{"0":[0],"1":[0,0,0],"2":[0,0],"3":[0,0],"4":[0],"5":[0,0],"6":[0,0],"7":[0,0],"8":[0,0],"9":[0],"10":[0],"11":[0,0],"12":[0,0],"13":[0],"14":[0]}}
[...]
column":66}},"type":"binary-expr","locations":[{"start":{"line":40,"column":24},"end":{"line":40,"column":56}},{"start":{"line":40,"column":60},"end":{"line":40,"column":66}}]},"6":{"loc":{"start":{"line":47,"column":6},"end":{"line":64,"column":7}},"type":"if","locations":[{"start":{"line":47,"column":6},"end":{"line":64,"column":7}}]},"7":{"loc":{"start":{"line":47,"column":10},"end":{"line":47,"column":68}},"type":"binary-expr","locations":[{"start":{"line":47,"column":10},"end":{"line":47,"column":37}},{"start":{"line":47,"column":41},"end":{"line":47,"column":68}}]},"8":{"loc":{"start":{"line":48,"column":8},"end":{"line":50,"column":9}},"type":"if","locations":[{"start":{"line":48,"column":8},"end":{"line":50,"column":9}}]},"9":{"loc":{"start":{"line":52,"column":21},"end":{"line":54,"column":21}},"type":"cond-expr","locations":[{"start":{"line":53,"column":12},"end":{"line":53,"column":98}},{"start":{"line":54,"column":12},"end":{"line":54,"column":21}}]},"10":{"loc":{"start":{"line":52,"column":21},"end":{"line":52,"column":59}},"type":"binary-expr","locations":[{"start":{"line":52,"column":21},"end":{"line":52,"column":36}},{"start":{"line":52,"column":40},"end":{"line":52,"column":59}}]},"11":{"loc":{"start":{"line":60,"column":19},"end":{"line":60,"column":61}},"type":"cond-expr","locations":[{"start":{"line":60,"column":26},"end":{"line":60,"column":49}},{"start":{"line":60,"column":52},"end":{"line":60,"column":61}}]},"12":{"loc":{"start":{"line":67,"column":6},"end":{"line":79,"column":7}},"type":"if","locations":[{"start":{"line":67,"column":6},"end":{"line":79,"column":7}}]},"13":{"loc":{"start":{"line":67,"column":10},"end":{"line":67,"column":71}},"type":"binary-expr","locations":[{"start":{"line":67,"column":10},"end":{"line":67,"column":40}},{"start":{"line":67,"column":44},"end":{"line":67,"column":71}}]},"14":{"loc":{"start":{"line":68,"column":8},"end":{"line":70,"column":9}},"type":"if","locations":[{"start":{"line":68,"column":8},"end":{"line":70,"column":9}}]},"15":{"loc":{"start":{"line":89,"column":4},"end":{"line":91,"column":5}},"type":"if","locations":[{"start":{"line":89,"column":4},"end":{"line":91,"column":5}}]},"16":{"loc":{"start":{"line":117,"column":4},"end":{"line":119,"column":5}},"type":"if","locations":[{"start":{"line":117,"column":4},"end":{"line":119,"column":5}}]},"17":{"loc":{"start":{"line":117,"column":8},"end":{"line":117,"column":44}},"type":"binary-expr","locations":[{"start":{"line":117,"column":8},"end":{"line":117,"column":21}},{"start":{"line":117,"column":25},"end":{"line":117,"column":44}}]},"18":{"loc":{"start":{"line":157,"column":4},"end":{"line":159,"column":5}},"type":"if","locations":[{"start":{"line":157,"column":4},"end":{"line":159,"column":5}}]},"19":{"loc":{"start":{"line":188,"column":6},"end":{"line":205,"column":7}},"type":"if","locations":[{"start":{"line":188,"column":6},"end":{"line":205,"column":7}},{"start":{"line":190,"column":13},"end":{"line":205,"column":7}}]},"20":{"loc":{"start":{"line":190,"column":13},"end":{"line":205,"column":7}},"type":"if","locations":[{"start":{"line":190,"column":13},"end":{"line":205,"column":7}},{"start":{"line":192,"column":13},"end":{"line":205,"column":7}}]},"21":{"loc":{"start":{"line":216,"column":4},"end":{"line":218,"column":5}},"type":"if","locations":[{"start":{"line":216,"column":4},"end":{"line":218,"column":5}}]},"22":{"loc":{"start":{"line":238,"column":4},"end":{"line":240,"column":5}},"type":"if","locations":[{"start":{"line":238,"column":4},"end":{"line":240,"column":5}}]},"23":{"loc":{"start":{"line":259,"column":4},"end":{"line":261,"column":5}},"type":"if","locations":[{"start":{"line":259,"column":4},"end":{"line":261,"column":5}}]}},"s":{"0":0,"1":0,"2":0,"3":0,"4":0,"5":0,"6":0,"7":0,"8":0,"9":0,"10":0,"11":0,"12":0,"13":0,"14":0,"15":0,"16":0,"17":0,"18":0,"19":0,"20":0,"21":0,"22":0,"23":0,"24":0,"25":0,"26":0,"27":0,"28":0,"29":0,"30":0,"31":0,"32":0,"33":0,"34":0,"35":0,"36":0,"37":0,"38":0,"39":0,"40":0,"41":0,"42":0,"43":0,"44":0,"45":0,"46":0,"47":0,"48":0,"49":0,"50":0,"51":0,"52":0,"53":0,"54":0,"55":0,"56":0,"57":0,"58":0,"59":0,"60":0,"61":0,"62":0,"63":0,"64":0,"65":0,"66":0,"67":0,"68":0,"69":0,"70":0,"71":0,"72":0,"73":0,"74":0,"75":0,"76":0,"77":0,"78":0,"79":0,"80":0,"81":0,"82":0,"83":0,"84":0,"85":0,"86":0,"87":0,"88":0,"89":0,"90":0,"91":0,"92":0,"93":0,"94":0,"95":0,"96":0,"97":0,"98":0,"99":0,"100":0,"101":0},"f":{"0":0,"1":0,"2":0,"3":0,"4":0,"5":0,"6":0,"7":0,"8":0},"b":{"0":[0,0],"1":[0,0],"2":[0,0],"3":[0,0],"4":[0,0],"5":[0,0],"6":[0],"7":[0,0],"8":[0],"9":[0,0],"10":[0,0],"11":[0,0],"12":[0],"13":[0,0],"14":[0],"15":[0],"16":[0],"17":[0,0],"18":[0],"19":[0,0],"20":[0,0],"21":[0],"22":[0],"23":[0]}}
,"/workspace/0b7880d6-2cef-4b48-8974-78cacd92c5e5/backend/src/services/webhook.service.ts": {"path":"/workspace/0b7880d6-2cef-4b48-8974-78cacd92c5e5/backend/src/services/webhook.service.ts","statementMap":{"0":{"start":{"line":1,"column":0},"end":{"line":1,"column":26}},"1":{"start":{"line":2,"column":0},"end":{"line":2,"column":41}},"2":{"start":{"line":3,"column":0},"end":{"line":3,"column":43}},"3":{"start":{"line":20,"column":23},"end":{"line":20,"column":24}},"4":{"start":{"line":21,"column":23},"end":{"line":21,"column":27}},"5":{"start":{"line":27,"column":4},"end":{"line":57,"column":5}},"6":{"start":{"line":29,"column":21},"end":{"line":33,"column":null}},"7":{"start":{"line":36,"column":51},"end":{"line":36,"column":62}},"8":{"start":{"line":38,"column":6},"end":{"line":41,"column":7}},"9":{"start":{"line":39,"column":8},"end":{"line":39,"column":69}},"10":{"start":{"line":40,"column":8},"end":{"line":40,"column":15}},"11":{"start":{"line":43,"column":38},"end":{"line":47,"column":8}},"12":{"start":{"line":50,"column":6},"end":{"line":54,"column":8}},"13":{"start":{"line":52,"column":10},"end":{"line":52,"column":52}},"14":{"start":{"line":56,"column":6},"end":{"line":56,"column":63}},"15":{"start":{"line":68,"column":4},"end":{"line":120,"column":5}},"16":{"start":{"line":69,"column":27},"end":{"line":73,"column":8}},"17":{"start":{"line":76,"column":6},"end":{"line":83,"column":7}},"18":{"start":{"line":77,"column":23},"end":{"line":77,"column":40}},"19":{"start":{"line":78,"column":26},"end":{"line":81,"column":24}},"20":{"start":{"line":82,"column":8},"end":{"line":82,"column":50}},"21":{"start":{"line":85,"column":23},"end":{"line":88,"column":8}},"22":{"start":{"line":90,"column":6},"end":{"line":94,"column":9}},"23":{"start":{"line":97,"column":6},"end":{"line":97,"column":85}},"24":{"start":{"line":99,"column":6},"end":{"line":104,"column":9}},"25":{"start":{"line":107,"column":6},"end":{"line":110,"column":7}},"26":{"start":{"line":108,"column":8},"end":{"line":108,"column":85}},"27":{"start":{"line":108,"column":37},"end":{"line":108,"column":83}},"28":{"start":{"line":109,"column":8},"end":{"line":109,"column":71}},"29":{"start":{"line":113,"column":6},"end":{"line":119,"column":8}},"30":{"start":{"line":133,"column":4},"end":{"line":149,"column":5}},"31":{"start":{"line":134,"column":6},"end":{"line":146,"column":8}},"32":{"start":{"line":148,"column":6},"end":{"line":148,"column":60}},"33":{"start":{"line":161,"column":19},"end":{"line":165,"column":null}},"34":{"start":{"line":168,"column":4},"end":{"line":168,"column":78}},"35":{"start":{"line":169,"column":4},"end":{"line":169,"column":29}},"36":{"start":{"line":176,"column":4},"end":{"line":179,"column":6}},"37":{"start":{"line":181,"column":4},"end":{"line":181,"column":48}},"38":{"start":{"line":188,"column":19},"end":{"line":193,"column":null}},"39":{"start":{"line":196,"column":4},"end":{"line":196,"column":23}},"40":{"start":{"line":200,"column":13},"end":{"line":200,"column":51}},"41":{"start":{"line":203,"column":13},"end":{"line":212,"column":11}}},"fnMap":{"0":{"name":"(anonymous_1)","decl":{"start":{"line":26,"column":2},"end":{"line":26,"column":7}},"loc":{"start":{"line":26,"column":44},"end":{"line":58,"column":3}}},"1":{"name":"(anonymous_2)","decl":{"start":{"line":51,"column":26},"end":{"line":51,"column":38}},"loc":{"start":{"line":52,"column":10},"end":{"line":52,"column":52}}},"2":{"name":"(anonymous_3)","decl":{"start":{"line":63,"column":10},"end":{"line":63,"column":15}},"loc":{"start":{"line":66,"column":23},"end":{"line":121,"column":3}}},"3":{"name":"(anonymous_4)","decl":{"start":{"line":108,"column":26},"end":{"line":108,"column":33}},"loc":{"start":{"line":108,"column":37},"end":{"line":108,"column":83}}},"4":{"name":"(anonymous_5)","decl":{"start":{"line":126,"column":10},"end":{"line":126,"column":15}},"loc":{"start":{"line":131,"column":25},"end":{"line":150,"column":3}}},"5":{"name":"(anonymous_6)","decl":{"start":{"line":155,"column":2},"end":{"line":155,"column":7}},"loc":{"start":{"line":159,"column":21},"end":{"line":170,"column":3}}},"6":{"name":"(anonymous_7)","decl":{"start":{"line":175,"column":2},"end":{"line":175,"column":7}},"loc":{"start":{"line":175,"column":36},"end":{"line":182,"column":3}}},"7":{"name":"(anonymous_8)","decl":{"start":{"line":187,"column":2},"end":{"line":187,"column":7}},"loc":{"start":{"line":187,"column":66},"end":{"line":197,"column":3}}}},"branchMap":{"0":{"loc":{"start":{"line":38,"column":6},"end":{"line":41,"column":7}},"type":"if","locations":[{"start":{"line":38,"column":6},"end":{"line":41,"column":7}}]},"1":{"loc":{"start":{"line":66,"column":4},"end":{"line":66,"column":23}},"type":"default-arg","locations":[{"start":{"line":66,"column":22},"end":{"line":66,"column":23}}]},"2":{"loc":{"start":{"line":76,"column":6},"end":{"line":83,"column":7}},"type":"if","locations":[{"start":{"line":76,"column":6},"end":{"line":83,"column":7}}]},"3":{"loc":{"start":{"line":107,"column":6},"end":{"line":110,"column":7}},"type":"if","locations":[{"start":{"line":107,"column":6},"end":{"line":110,"column":7}}]},"4":{"loc":{"start":{"line":187,"column":47},"end":{"line":187,"column":66}},"type":"default-arg","locations":[{"start":{"line":187,"column":63},"end":{"line":187,"column":66}}]}},"s":{"0":0,"1":0,"2":0,"3":0,"4":0,"5":0,"6":0,"7":0,"8":0,"9":0,"10":0,"11":0,"12":0,"13":0,"14":0,"15":0,"16":0,"17":0,"18":0,"19":0,"20":0,"21":0,"22":0,"23":0,"24":0,"25":0,"26":0,"27":0,"28":0,"29":0,"30":0,"31":0,"32":0,"33":0,"34":0,"35":0,"36":0,"37":0,"38":0,"39":0,"40":0,"41":0},"f":{"0":0,"1":0,"2":0,"3":0,"4":0,"5":0,"6":0,"7":0},"b":{"0":[0],"1":[0],"2":[0],"3":[0],"4":[0]}}
,"/workspace/0b7880d6-2cef-4b48-8974-78cacd92c5e5/backend/src/utils/crypto.ts": {"path":"/workspace/0b7880d6-2cef-4b48-8974-78cacd92c5e5/backend/src/utils/crypto.ts","statementMap":{"0":{"start":{"line":1,"column":0},"end":{"line":1,"column":28}},"1":{"start":{"line":2,"column":0},"end":{"line":2,"column":28}},"2":{"start":{"line":3,"column":0},"end":{"line":3,"column":34}},"3":{"start":{"line":5,"column":22},"end":{"line":5,"column":24}},"4":{"start":{"line":11,"column":30},"end":{"line":15,"column":1}},"5":{"start":{"line":12,"column":22},"end":{"line":12,"column":44}},"6":{"start":{"line":13,"column":14},"end":{"line":13,"column":60}},"7":{"start":{"line":14,"column":2},"end":{"line":14,"column":13}},"8":{"start":{"line":11,"column":13},"end":{"line":11,"column":30}},"9":{"start":{"line":22,"column":26},"end":{"line":30,"column":1}},"10":{"start":{"line":23,"column":2},"end":{"line":29,"column":3}},"11":{"start":{"line":24,"column":17},"end":{"line":24,"column":57}},"12":{"start":{"line":25,"column":4},"end":{"line":25,"column":16}},"13":{"start":{"line":27,"column":4},"end":{"line":27,"column":49}},"14":{"start":{"line":28,"column":4},"end":{"line":28,"column":46}},"15":{"start":{"line":22,"column":13},"end":{"line":22,"column":26}},"16":{"start":{"line":38,"column":28},"end":{"line":46,"column":1}},"17":{"start":{"line":39,"column":2},"end":{"line":45,"column":3}},"18":{"start":{"line":40,"column":20},"end":{"line":40,"column":54}},"19":{"start":{"line":41,"column":4},"end":{"line":41,"column":19}},"20":{"start":{"line":43,"column":4},"end":{"line":43,"column":51}},"21":{"start":{"line":44,"column":4},"end":{"line":44,"column":17}},"22":{"start":{"line":38,"column":13},"end":{"line":38,"column":28}},"23":{"start":{"line":54,"column":35},"end":{"line":73,"column":1}},"24":{"start":{"line":55,"column":2},"end":{"line":72,"column":3}},"25":{"start":{"line":57,"column":17},"end":{"line":57,"column":39}},"26":{"start":{"line":58,"column":17},"end":{"line":58,"column":39}},"27":{"start":{"line":61,"column":4},"end":{"line":66,"column":5}},"28":{"start":{"line":63,"column":23},"end":{"line":63,"column":48}},"29":{"start":{"line":64,"column":6},"end":{"line":64,"column":45}},"30":{"start":{"line":65,"column":6},"end":{"line":65,"column":19}},"31":{"start":{"line":68,"column":4},"end":{"line":68,"column":46}},"32":{"start":{"line":70,"column":4},"end":{"line":70,"column":61}},"33":{"start":{"line":71,"column":4},"end":{"line":71,"column":17}},"34":{"start":{"line":54,"column":13},"end":{"line":54,"column":35}},"35":{"start":{"line":80,"column":35},"end":{"line":82,"column":1}},"36":{"start":{"line":81,"column":2},"end":{"line":81,"column":51}},"37":{"start":{"line":80,"column":13},"end":{"line":80,"column":35}},"38":{"start":{"line":89,"column":28},"end":{"line":97,"column":1}},"39":{"start":{"line":90,"column":2},"end":{"line":96,"column":3}},"40":{"start":{"line":91,"column":17},"end":{"line":91,"column":59}},"41":{"start":{"line":92,"column":4},"end":{"line":92,"column":16}},"42":{"start":{"line":94,"column":4},"end":{"line":94,"column":50}},"43":{"start":{"line":95,"column":4},"end":{"line":95,"column":47}},"44":{"start":{"line":89,"column":13},"end":{"line":89,"column":28}},"45":{"start":{"line":105,"column":30},"end":{"line":113,"column":1}},"46":{"start":{"line":106,"column":2},"end":{"line":112,"column":3}},"47":{"start":{"line":107,"column":20},"end":{"line":107,"column":56}},"48":{"start":{"line":108,"column":4},"end":{"line":108,"column":19}},"49":{"start":{"line":110,"column":4},"end":{"line":110,"column":52}},"50":{"start":{"line":111,"column":4},"end":{"line":111,"column":17}},"51":{"start":{"line":105,"column":13},"end":{"line":105,"column":30}}},"fnMap":{"0":{"name":"(anonymous_1)","decl":{"start":{"line":11,"column":30},"end":{"line":11,"column":31}},"loc":{"start":{"line":11,"column":75},"end":{"line":15,"column":1}}},"1":{"name":"(anonymous_2)","decl":{"start":{"line":22,"column":26},"end":{"line":22,"column":31}},"loc":{"start":{"line":22,"column":68},"end":{"line":30,"column":1}}},"2":{"name":"(anonymous_3)","decl":{"start":{"line":38,"column":28},"end":{"line":38,"column":33}},"loc":{"start":{"line":38,"column":85},"end":{"line":46,"column":1}}},"3":{"name":"(anonymous_4)","decl":{"start":{"line":54,"column":35},"end":{"line":54,"column":36}},"loc":{"start":{"line":54,"column":69},"end":{"line":73,"column":1}}},"4":{"name":"(anonymous_5)","decl":{"start":{"line":80,"column":35},"end":{"line":80,"column":36}},"loc":{"start":{"line":80,"column":66},"end":{"line":82,"column":1}}},"5":{"name":"(anonymous_6)","decl":{"start":{"line":89,"column":28},"end":{"line":89,"column":33}},"loc":{"start":{"line":89,"column":72},"end":{"line":97,"column":1}}},"6":{"name":"(anonymous_7)","decl":{"start":{"line":105,"column":30},"end":{"line":105,"column":35}},"loc":{"start":{"line":105,"column":89},"end":{"line":113,"column":1}}}},"branchMap":{"0":{"loc":{"start":{"line":11,"column":31},"end":{"line":11,"column":63}},"type":"default-arg","locations":[{"start":{"line":11,"column":57},"end":{"line":11,"column":63}}]},"1":{"loc":{"start":{"line":61,"column":4},"end":{"line":66,"column":5}},"type":"if","locations":[{"start":{"line":61,"column":4},"end":{"line":66,"column":5}}]},"2":{"loc":{"start":{"line":80,"column":36},"end":{"line":80,"column":54}},"type":"default-arg","locations":[{"start":{"line":80,"column":52},"end":{"line":80,"column":54}}]}},"s":{"0":1,"1":1,"2":1,"3":1,"4":1,"5":10,"6":10,"7":10,"8":1,"9":1,"10":5,"11":5,"12":5,"13":0,"14":0,"15":1,"16":1,"17":6,"18":6,"19":6,"20":0,"21":0,"22":1,"23":1,"24":5,"25":5,"26":5,"27":5,"28":1,"29":1,"30":1,"31":4,"32":0,"33":0,"34":1,"35":1,"36":4,"37":1,"38":1,"39":3,"40":3,"41":3,"42":0,"43":0,"44":1,"45":1,"46":3,"47":3,"48":3,"49":0,"50":0,"51":1},"f":{"0":10,"1":5,"2":6,"3":5,"4":4,"5":3,"6":3},"b":{"0":[0],"1":[1],"2":[3]}}
,"/workspace/0b7880d6-2cef-4b48-8974-78cacd92c5e5/backend/src/utils/logger.ts": {"path":"/workspace/0b7880d6-2cef-4b48-8974-78cacd92c5e5/backend/src/utils/logger.ts","statementMap":{"0":{"start":{"line":1,"column":0},"end":{"line":1,"column":30}},"1":{"start":{"line":2,"column":0},"end":{"line":2,"column":24}},"2":{"start":{"line":4,"column":17},"end":{"line":4,"column":48}},"3":{"start":{"line":6,"column":18},"end":{"line":10,"column":null}},"4":{"start":{"line":13,"column":22},"end":{"line":22,"column":null}},"5":{"start":{"line":17,"column":14},"end":{"line":17,"column":51}},"6":{"start":{"line":18,"column":4},"end":{"line":20,"column":5}},"7":{"start":{"line":19,"column":6},"end":{"line":19,"column":40}},"8":{"start":{"line":21,"column":4},"end":{"line":21,"column":15}},"9":{"start":{"line":25,"column":13},"end":{"line":75,"column":3}},"10":{"start":{"line":54,"column":10},"end":{"line":54,"column":84}},"11":{"start":{"line":67,"column":10},"end":{"line":67,"column":68}},"12":{"start":{"line":78,"column":0},"end":{"line":78,"column":20}},"13":{"start":{"line":79,"column":16},"end":{"line":79,"column":48}},"14":{"start":{"line":80,"column":0},"end":{"line":82,"column":1}},"15":{"start":{"line":81,"column":2},"end":{"line":81,"column":45}},"16":{"start":{"line":84,"column":0},"end":{"line":84,"column":22}}},"fnMap":{"0":{"name":"(anonymous_1)","decl":{"start":{"line":16,"column":24},"end":{"line":16,"column":25}},"loc":{"start":{"line":16,"column":67},"end":{"line":22,"column":3}}},"1":{"name":"(anonymous_2)","decl":{"start":{"line":52,"column":23},"end":{"line":52,"column":24}},"loc":{"start":{"line":52,"column":32},"end":{"line":55,"column":9}}},"2":{"name":"(anonymous_3)","decl":{"start":{"line":66,"column":23},"end":{"line":66,"column":24}},"loc":{"start":{"line":66,"column":32},"end":{"line":68,"column":9}}}},"branchMap":{"0":{"loc":{"start":{"line":4,"column":17},"end":{"line":4,"column":48}},"type":"binary-expr","locations":[{"start":{"line":4,"column":17},"end":{"line":4,"column":38}},{"start":{"line":4,"column":42},"end":{"line":4,"column":48}}]},"1":{"loc":{"start":{"line":18,"column":4},"end":{"line":20,"column":5}},"type":"if","locations":[{"start":{"line":18,"column":4},"end":{"line":20,"column":5}}]},"2":{"loc":{"start":{"line":54,"column":17},"end":{"line":54,"column":83}},"type":"cond-expr","locations":[{"start":{"line":54,"column":71},"end":{"line":54,"column":75}},{"start":{"line":54,"column":78},"end":{"line":54,"column":83}}]},"3":{"loc":{"start":{"line":54,"column":17},"end":{"line":54,"column":68}},"type":"binary-expr","locations":[{"start":{"line":54,"column":17},"end":{"line":54,"column":27}},{"start":{"line":54,"column":31},"end":{"line":54,"column":48}},{"start":{"line":54,"column":52},"end":{"line":54,"column":68}}]},"4":{"loc":{"start":{"line":67,"column":17},"end":{"line":67,"column":67}},"type":"cond-expr","locations":[{"start":{"line":67,"column":55},"end":{"line":67,"column":59}},{"start":{"line":67,"column":62},"end":{"line":67,"column":67}}]},"5":{"loc":{"start":{"line":67,"column":17},"end":{"line":67,"column":52}},"type":"binary-expr","locations":[{"start":{"line":67,"column":17},"end":{"line":67,"column":29}},{"start":{"line":67,"column":33},"end":{"line":67,"column":52}}]},"6":{"loc":{"start":{"line":80,"column":0},"end":{"line":82,"column":1}},"type":"if","locations":[{"start":{"line":80,"column":0},"end":{"line":82,"column":1}}]}},"s":{"0":0,"1":0,"2":0,"3":0,"4":0,"5":0,"6":0,"7":0,"8":0,"9":0,"10":0,"11":0,"12":0,"13":0,"14":0,"15":0,"16":0},"f":{"0":0,"1":0,"2":0},"b":{"0":[0,0],"1":[0],"2":[0,0],"3":[0,0,0],"4":[0,0],"5":[0,0],"6":[0]}}
}
