TN:
SF:src/index.ts
FN:55,(anonymous_1)
FN:74,(anonymous_2)
FN:113,(anonymous_3)
FN:128,(anonymous_4)
FN:154,(anonymous_5)
FN:172,(anonymous_6)
FNF:6
FNH:0
FNDA:0,(anonymous_1)
FNDA:0,(anonymous_2)
FNDA:0,(anonymous_3)
FNDA:0,(anonymous_4)
FNDA:0,(anonymous_5)
FNDA:0,(anonymous_6)
DA:1,0
DA:2,0
DA:3,0
DA:4,0
DA:5,0
DA:6,0
DA:7,0
DA:8,0
DA:9,0
DA:10,0
DA:11,0
DA:12,0
DA:13,0
DA:14,0
DA:15,0
DA:18,0
DA:19,0
DA:20,0
DA:21,0
DA:22,0
DA:23,0
DA:24,0
DA:25,0
DA:26,0
DA:29,0
DA:31,0
DA:32,0
DA:33,0
DA:36,0
DA:37,0
DA:41,0
DA:42,0
DA:43,0
DA:46,0
DA:47,0
DA:50,0
DA:51,0
DA:53,0
DA:55,0
DA:61,0
DA:62,0
DA:65,0
DA:68,0
DA:71,0
DA:74,0
DA:75,0
DA:77,0
DA:80,0
DA:82,0
DA:90,0
DA:91,0
DA:100,0
DA:103,0
DA:104,0
DA:105,0
DA:106,0
DA:107,0
DA:108,0
DA:109,0
DA:110,0
DA:113,0
DA:114,0
DA:123,0
DA:124,0
DA:125,0
DA:128,0
DA:129,0
DA:131,0
DA:133,0
DA:136,0
DA:137,0
DA:140,0
DA:141,0
DA:143,0
DA:145,0
DA:146,0
DA:150,0
DA:151,0
DA:154,0
DA:155,0
DA:157,0
DA:158,0
DA:161,0
DA:162,0
DA:165,0
DA:166,0
DA:167,0
DA:168,0
DA:172,0
DA:173,0
DA:174,0
DA:177,0
DA:178,0
DA:183,0
DA:184,0
DA:187,0
LF:96
LH:0
BRDA:32,0,0,0
BRDA:32,0,1,0
BRDA:33,1,0,0
BRDA:33,1,1,0
BRDA:38,2,0,0
BRDA:38,2,1,0
BRDA:50,3,0,0
BRDA:50,3,1,0
BRDA:165,4,0,0
BRDA:183,5,0,0
BRF:10
BRH:0
end_of_record
TN:
SF:src/config/database.ts
FN:54,(anonymous_0)
FN:69,(anonymous_1)
FN:77,(anonymous_2)
FN:89,(anonymous_3)
FN:97,(anonymous_4)
FN:110,(anonymous_5)
FN:123,(anonymous_6)
FN:129,(anonymous_7)
FN:133,(anonymous_8)
FN:143,(anonymous_9)
FNF:10
FNH:0
FNDA:0,(anonymous_0)
FNDA:0,(anonymous_1)
FNDA:0,(anonymous_2)
FNDA:0,(anonymous_3)
FNDA:0,(anonymous_4)
FNDA:0,(anonymous_5)
FNDA:0,(anonymous_6)
FNDA:0,(anonymous_7)
FNDA:0,(anonymous_8)
FNDA:0,(anonymous_9)
DA:1,0
DA:2,0
DA:3,0
DA:6,0
DA:7,0
DA:9,0
DA:10,0
DA:12,0
DA:13,0
DA:15,0
DA:16,0
DA:20,0
DA:21,0
DA:24,0
DA:25,0
DA:30,0
DA:54,0
DA:56,0
DA:57,0
DA:58,0
DA:59,0
DA:60,0
DA:62,0
DA:63,0
DA:67,0
DA:69,0
DA:70,0
DA:77,0
DA:78,0
DA:79,0
DA:82,0
DA:86,0
DA:87,0
DA:89,0
DA:90,0
DA:97,0
DA:98,0
DA:99,0
DA:103,0
DA:106,0
DA:110,0
DA:111,0
DA:112,0
DA:113,0
DA:114,0
DA:115,0
DA:116,0
DA:118,0
DA:119,0
DA:123,0
DA:124,0
DA:125,0
DA:126,0
DA:129,0
DA:130,0
DA:131,0
DA:132,0
DA:133,0
DA:134,0
DA:135,0
DA:136,0
DA:139,0
DA:143,0
DA:144,0
DA:145,0
DA:148,0
DA:151,0
LF:67
LH:0
BRDA:6,0,0,0
BRDA:6,1,0,0
BRDA:6,1,1,0
BRDA:9,2,0,0
BRDA:9,3,0,0
BRDA:9,3,1,0
BRDA:12,4,0,0
BRDA:12,5,0,0
BRDA:12,5,1,0
BRDA:15,6,0,0
BRDA:15,7,0,0
BRDA:15,7,1,0
BRDA:21,8,0,0
BRDA:21,8,1,0
BRDA:24,9,0,0
BRDA:24,10,0,0
BRDA:24,10,1,0
BRDA:31,11,0,0
BRDA:31,11,1,0
BRDA:32,12,0,0
BRDA:32,12,1,0
BRDA:33,13,0,0
BRDA:33,13,1,0
BRDA:34,14,0,0
BRDA:34,14,1,0
BRDA:35,15,0,0
BRDA:35,15,1,0
BRDA:36,16,0,0
BRDA:36,16,1,0
BRDA:37,17,0,0
BRDA:37,17,1,0
BRDA:41,18,0,0
BRDA:41,18,1,0
BRDA:56,19,0,0
BRDA:56,20,0,0
BRDA:56,20,1,0
BRDA:86,21,0,0
BRDA:86,21,1,0
BRDA:86,22,0,0
BRDA:86,22,1,0
BRDA:132,23,0,0
BRDA:132,24,0,0
BRDA:132,24,1,0
BRF:43
BRH:0
end_of_record
TN:
SF:src/config/redis.ts
FN:14,(anonymous_1)
FN:27,(anonymous_2)
FN:31,(anonymous_3)
FN:35,(anonymous_4)
FNF:4
FNH:0
FNDA:0,(anonymous_1)
FNDA:0,(anonymous_2)
FNDA:0,(anonymous_3)
FNDA:0,(anonymous_4)
DA:1,0
DA:2,0
DA:5,0
DA:6,0
DA:9,0
DA:15,0
DA:16,0
DA:25,0
DA:27,0
DA:28,0
DA:31,0
DA:32,0
DA:35,0
DA:36,0
DA:39,0
LF:15
LH:0
BRDA:5,0,0,0
BRDA:5,1,0,0
BRDA:5,1,1,0
BRDA:9,2,0,0
BRDA:9,2,1,0
BRDA:11,3,0,0
BRDA:11,3,1,0
BRF:7
BRH:0
end_of_record
TN:
SF:src/config/secrets.ts
FN:34,(anonymous_0)
FN:75,(anonymous_1)
FN:110,(anonymous_2)
FN:133,(anonymous_3)
FN:167,(anonymous_4)
FN:178,(anonymous_5)
FN:188,(anonymous_6)
FN:212,getRequiredSecret
FN:225,getOptionalSecret
FNF:9
FNH:0
FNDA:0,(anonymous_0)
FNDA:0,(anonymous_1)
FNDA:0,(anonymous_2)
FNDA:0,(anonymous_3)
FNDA:0,(anonymous_4)
FNDA:0,(anonymous_5)
FNDA:0,(anonymous_6)
FNDA:0,getRequiredSecret
FNDA:0,getOptionalSecret
DA:1,0
DA:2,0
DA:31,0
DA:32,0
DA:35,0
DA:38,0
DA:39,0
DA:45,0
DA:46,0
DA:47,0
DA:49,0
DA:50,0
DA:54,0
DA:55,0
DA:56,0
DA:58,0
DA:59,0
DA:60,0
DA:61,0
DA:65,0
DA:66,0
DA:77,0
DA:78,0
DA:79,0
DA:84,0
DA:86,0
DA:87,0
DA:89,0
DA:90,0
DA:92,0
DA:93,0
DA:95,0
DA:99,0
DA:104,0
DA:111,0
DA:112,0
DA:115,0
DA:116,0
DA:117,0
DA:119,0
DA:120,0
DA:123,0
DA:125,0
DA:126,0
DA:134,0
DA:135,0
DA:138,0
DA:139,0
DA:140,0
DA:146,0
DA:147,0
DA:150,0
DA:151,0
DA:153,0
DA:154,0
DA:157,0
DA:159,0
DA:160,0
DA:168,0
DA:169,0
DA:170,0
DA:172,0
DA:179,0
DA:180,0
DA:182,0
DA:188,0
DA:189,0
DA:191,0
DA:193,0
DA:194,0
DA:197,0
DA:198,0
DA:199,0
DA:200,0
DA:203,0
DA:206,0
DA:212,0
DA:213,0
DA:214,0
DA:216,0
DA:217,0
DA:225,0
DA:226,0
DA:227,0
DA:229,0
DA:230,0
LF:86
LH:0
BRDA:38,0,0,0
BRDA:38,1,0,0
BRDA:38,1,1,0
BRDA:45,2,0,0
BRDA:46,3,0,0
BRDA:54,4,0,0
BRDA:55,5,0,0
BRDA:55,6,0,0
BRDA:55,6,1,0
BRDA:60,7,0,0
BRDA:60,7,1,0
BRDA:65,8,0,0
BRDA:78,9,0,0
BRDA:78,10,0,0
BRDA:78,10,1,0
BRDA:84,11,0,0
BRDA:84,11,1,0
BRDA:84,11,2,0
BRDA:84,11,3,0
BRDA:111,12,0,0
BRDA:119,13,0,0
BRDA:134,14,0,0
BRDA:134,15,0,0
BRDA:134,15,1,0
BRDA:146,16,0,0
BRDA:151,17,0,0
BRDA:151,17,1,0
BRDA:153,18,0,0
BRDA:169,19,0,0
BRDA:179,20,0,0
BRDA:179,20,1,0
BRDA:189,21,0,0
BRDA:189,21,1,0
BRDA:193,22,0,0
BRDA:194,23,0,0
BRDA:194,23,1,0
BRDA:197,24,0,0
BRF:37
BRH:0
end_of_record
TN:
SF:src/controllers/apiKey.controller.ts
FN:11,(anonymous_0)
FN:91,(anonymous_1)
FN:109,(anonymous_2)
FN:134,(anonymous_3)
FN:182,(anonymous_4)
FN:230,(anonymous_5)
FNF:6
FNH:0
FNDA:0,(anonymous_0)
FNDA:0,(anonymous_1)
FNDA:0,(anonymous_2)
FNDA:0,(anonymous_3)
FNDA:0,(anonymous_4)
FNDA:0,(anonymous_5)
DA:3,0
DA:4,0
DA:5,0
DA:11,0
DA:12,0
DA:13,0
DA:15,0
DA:16,0
DA:20,0
DA:23,0
DA:24,0
DA:28,0
DA:32,0
DA:35,0
DA:38,0
DA:39,0
DA:40,0
DA:41,0
DA:42,0
DA:46,0
DA:60,0
DA:62,0
DA:65,0
DA:79,0
DA:80,0
DA:91,0
DA:92,0
DA:93,0
DA:94,0
DA:98,0
DA:101,0
DA:107,0
DA:109,0
DA:122,0
DA:123,0
DA:134,0
DA:135,0
DA:136,0
DA:138,0
DA:139,0
DA:143,0
DA:146,0
DA:151,0
DA:152,0
DA:156,0
DA:159,0
DA:161,0
DA:170,0
DA:171,0
DA:182,0
DA:183,0
DA:184,0
DA:186,0
DA:187,0
DA:191,0
DA:194,0
DA:199,0
DA:200,0
DA:204,0
DA:207,0
DA:209,0
DA:218,0
DA:219,0
DA:230,0
DA:231,0
DA:232,0
DA:234,0
DA:235,0
DA:239,0
DA:243,0
DA:248,0
DA:249,0
DA:253,0
DA:256,0
DA:259,0
DA:260,0
DA:263,0
DA:265,0
DA:267,0
DA:273,0
DA:287,0
DA:289,0
DA:291,0
DA:293,0
DA:307,0
DA:308,0
DA:311,0
DA:312,0
LF:88
LH:0
BRDA:15,0,0,0
BRDA:15,1,0,0
BRDA:15,1,1,0
BRDA:15,1,2,0
BRDA:23,2,0,0
BRDA:39,3,0,0
BRDA:39,4,0,0
BRDA:39,4,1,0
BRDA:39,4,2,0
BRDA:53,5,0,0
BRDA:53,5,1,0
BRDA:54,6,0,0
BRDA:54,6,1,0
BRDA:93,7,0,0
BRDA:138,8,0,0
BRDA:151,9,0,0
BRDA:186,10,0,0
BRDA:199,11,0,0
BRDA:234,12,0,0
BRDA:248,13,0,0
BRF:20
BRH:0
end_of_record
TN:
SF:src/controllers/auth.controller.ts
FN:26,(anonymous_1)
FN:62,(anonymous_2)
FN:176,(anonymous_3)
FN:250,(anonymous_4)
FNF:4
FNH:0
FNDA:0,(anonymous_1)
FNDA:0,(anonymous_2)
FNDA:0,(anonymous_3)
FNDA:0,(anonymous_4)
DA:2,0
DA:3,0
DA:4,0
DA:5,0
DA:6,0
DA:9,0
DA:10,0
DA:12,0
DA:13,0
DA:16,0
DA:17,0
DA:18,0
DA:19,0
DA:20,0
DA:21,0
DA:26,0
DA:27,0
DA:28,0
DA:30,0
DA:31,0
DA:35,0
DA:39,0
DA:42,0
DA:44,0
DA:46,0
DA:51,0
DA:52,0
DA:62,0
DA:63,0
DA:64,0
DA:66,0
DA:67,0
DA:71,0
DA:74,0
DA:75,0
DA:79,0
DA:83,0
DA:85,0
DA:86,0
DA:90,0
DA:94,0
DA:95,0
DA:97,0
DA:98,0
DA:102,0
DA:106,0
DA:109,0
DA:114,0
DA:117,0
DA:127,0
DA:138,0
DA:145,0
DA:153,0
DA:155,0
DA:165,0
DA:166,0
DA:176,0
DA:177,0
DA:178,0
DA:180,0
DA:181,0
DA:185,0
DA:189,0
DA:201,0
DA:203,0
DA:204,0
DA:208,0
DA:212,0
DA:217,0
DA:220,0
DA:230,0
DA:239,0
DA:240,0
DA:250,0
DA:251,0
DA:252,0
DA:254,0
DA:255,0
DA:259,0
DA:263,0
DA:265,0
DA:267,0
DA:272,0
DA:273,0
LF:84
LH:0
BRDA:9,0,0,0
BRDA:12,1,0,0
BRDA:17,2,0,0
BRDA:17,2,1,0
BRDA:19,3,0,0
BRDA:19,3,1,0
BRDA:20,4,0,0
BRDA:20,4,1,0
BRDA:21,5,0,0
BRDA:21,5,1,0
BRDA:30,6,0,0
BRDA:30,7,0,0
BRDA:30,7,1,0
BRDA:66,8,0,0
BRDA:66,9,0,0
BRDA:66,9,1,0
BRDA:74,10,0,0
BRDA:85,11,0,0
BRDA:97,12,0,0
BRDA:114,13,0,0
BRDA:114,13,1,0
BRDA:180,14,0,0
BRDA:203,15,0,0
BRDA:217,16,0,0
BRDA:217,16,1,0
BRDA:254,17,0,0
BRF:26
BRH:0
end_of_record
TN:
SF:src/controllers/profile.controller.ts
FN:9,(anonymous_0)
FN:39,(anonymous_1)
FN:59,(anonymous_2)
FN:78,(anonymous_3)
FN:111,(anonymous_4)
FN:154,(anonymous_5)
FNF:6
FNH:0
FNDA:0,(anonymous_0)
FNDA:0,(anonymous_1)
FNDA:0,(anonymous_2)
FNDA:0,(anonymous_3)
FNDA:0,(anonymous_4)
FNDA:0,(anonymous_5)
DA:2,0
DA:3,0
DA:9,0
DA:10,0
DA:11,0
DA:12,0
DA:14,0
DA:19,0
DA:20,0
DA:22,0
DA:32,0
DA:38,0
DA:40,0
DA:42,0
DA:47,0
DA:48,0
DA:51,0
DA:58,0
DA:60,0
DA:62,0
DA:66,0
DA:67,0
DA:70,0
DA:77,0
DA:79,0
DA:81,0
DA:86,0
DA:87,0
DA:90,0
DA:92,0
DA:97,0
DA:110,0
DA:112,0
DA:113,0
DA:114,0
DA:115,0
DA:117,0
DA:118,0
DA:121,0
DA:129,0
DA:134,0
DA:136,0
DA:146,0
DA:153,0
DA:155,0
DA:157,0
DA:162,0
DA:163,0
DA:166,0
DA:168,0
DA:182,0
LF:51
LH:0
BRDA:10,0,0,0
BRDA:10,0,1,0
BRDA:11,1,0,0
BRDA:11,1,1,0
BRDA:47,2,0,0
BRDA:66,3,0,0
BRDA:86,4,0,0
BRDA:113,5,0,0
BRDA:113,5,1,0
BRDA:114,6,0,0
BRDA:114,6,1,0
BRDA:117,7,0,0
BRDA:162,8,0,0
BRF:13
BRH:0
end_of_record
TN:
SF:src/controllers/storage.controller.ts
FN:9,(anonymous_1)
FN:58,(anonymous_2)
FN:109,(anonymous_3)
FN:141,(anonymous_4)
FN:175,(anonymous_5)
FNF:5
FNH:0
FNDA:0,(anonymous_1)
FNDA:0,(anonymous_2)
FNDA:0,(anonymous_3)
FNDA:0,(anonymous_4)
FNDA:0,(anonymous_5)
DA:2,0
DA:3,0
DA:4,0
DA:9,0
DA:10,0
DA:11,0
DA:13,0
DA:14,0
DA:20,0
DA:30,0
DA:33,0
DA:40,0
DA:42,0
DA:47,0
DA:48,0
DA:58,0
DA:59,0
DA:60,0
DA:62,0
DA:63,0
DA:69,0
DA:81,0
DA:84,0
DA:91,0
DA:93,0
DA:98,0
DA:99,0
DA:109,0
DA:110,0
DA:111,0
DA:112,0
DA:118,0
DA:123,0
DA:125,0
DA:130,0
DA:131,0
DA:141,0
DA:142,0
DA:143,0
DA:145,0
DA:146,0
DA:153,0
DA:154,0
DA:155,0
DA:156,0
DA:159,0
DA:164,0
DA:165,0
DA:175,0
DA:176,0
DA:177,0
DA:179,0
DA:180,0
DA:186,0
DA:188,0
DA:193,0
DA:194,0
LF:57
LH:0
BRDA:13,0,0,0
BRDA:13,1,0,0
BRDA:13,1,1,0
BRDA:13,1,2,0
BRDA:25,2,0,0
BRDA:25,2,1,0
BRDA:40,3,0,0
BRDA:40,3,1,0
BRDA:62,4,0,0
BRDA:62,5,0,0
BRDA:62,5,1,0
BRDA:71,6,0,0
BRDA:71,6,1,0
BRDA:74,7,0,0
BRDA:74,7,1,0
BRDA:91,8,0,0
BRDA:91,8,1,0
BRDA:111,9,0,0
BRDA:145,10,0,0
BRDA:145,11,0,0
BRDA:145,11,1,0
BRDA:153,12,0,0
BRDA:153,12,1,0
BRDA:155,13,0,0
BRDA:179,14,0,0
BRF:25
BRH:0
end_of_record
TN:
SF:src/middleware/csrf.ts
FN:18,(anonymous_0)
FN:74,(anonymous_1)
FN:90,(anonymous_2)
FN:98,(anonymous_3)
FN:107,(anonymous_4)
FNF:5
FNH:0
FNDA:0,(anonymous_0)
FNDA:0,(anonymous_1)
FNDA:0,(anonymous_2)
FNDA:0,(anonymous_3)
FNDA:0,(anonymous_4)
DA:1,0
DA:3,0
DA:6,0
DA:18,0
DA:20,0
DA:21,0
DA:25,0
DA:27,0
DA:28,0
DA:33,0
DA:41,0
DA:43,0
DA:44,0
DA:49,0
DA:57,0
DA:58,0
DA:63,0
DA:70,0
DA:74,0
DA:76,0
DA:78,0
DA:79,0
DA:80,0
DA:89,0
DA:90,0
DA:91,0
DA:92,0
DA:94,0
DA:98,0
DA:99,0
DA:100,0
DA:107,0
DA:108,0
DA:109,0
DA:115,0
DA:120,0
DA:123,0
LF:37
LH:0
BRDA:20,0,0,0
BRDA:27,1,0,0
BRDA:41,2,0,0
BRDA:41,2,1,0
BRDA:43,3,0,0
BRDA:57,4,0,0
BRDA:78,5,0,0
BRDA:99,6,0,0
BRDA:99,6,1,0
BRDA:108,7,0,0
BRF:10
BRH:0
end_of_record
TN:
SF:src/middleware/errorHandler.ts
FN:8,(anonymous_0)
FN:16,(anonymous_1)
FN:54,(anonymous_2)
FN:65,(anonymous_3)
FN:66,(anonymous_4)
FNF:5
FNH:0
FNDA:0,(anonymous_0)
FNDA:0,(anonymous_1)
FNDA:0,(anonymous_2)
FNDA:0,(anonymous_3)
FNDA:0,(anonymous_4)
DA:2,0
DA:4,0
DA:9,0
DA:10,0
DA:11,0
DA:12,0
DA:16,0
DA:22,0
DA:23,0
DA:24,0
DA:26,0
DA:27,0
DA:28,0
DA:29,0
DA:33,0
DA:43,0
DA:44,0
DA:47,0
DA:54,0
DA:59,0
DA:65,0
DA:66,0
DA:67,0
LF:23
LH:0
BRDA:8,0,0,0
BRDA:26,1,0,0
BRDA:43,2,0,0
BRDA:43,3,0,0
BRDA:43,3,1,0
BRDA:50,4,0,0
BRDA:50,4,1,0
BRF:7
BRH:0
end_of_record
TN:
SF:src/middleware/metricsCollector.ts
FN:44,(anonymous_0)
FN:45,(anonymous_1)
FN:52,(anonymous_2)
FN:78,(anonymous_3)
FN:105,(anonymous_4)
FN:124,(anonymous_5)
FN:127,(anonymous_6)
FN:141,(anonymous_7)
FN:144,(anonymous_8)
FN:150,(anonymous_9)
FN:162,(anonymous_10)
FN:164,(anonymous_11)
FN:176,(anonymous_12)
FN:179,(anonymous_13)
FN:194,(anonymous_14)
FN:202,(anonymous_15)
FN:229,(anonymous_16)
FN:242,(anonymous_17)
FN:245,(anonymous_18)
FN:249,(anonymous_19)
FN:255,(anonymous_20)
FN:261,(anonymous_21)
FN:266,(anonymous_22)
FN:271,(anonymous_23)
FN:277,(anonymous_24)
FN:282,(anonymous_25)
FN:288,(anonymous_26)
FN:293,(anonymous_27)
FN:298,(anonymous_28)
FN:304,(anonymous_29)
FN:309,(anonymous_30)
FN:317,(anonymous_31)
FN:319,(anonymous_32)
FN:323,(anonymous_33)
FN:328,(anonymous_34)
FN:330,(anonymous_35)
FN:334,(anonymous_36)
FN:338,(anonymous_37)
FN:343,(anonymous_38)
FN:348,(anonymous_39)
FN:352,(anonymous_40)
FN:356,(anonymous_41)
FN:366,(anonymous_42)
FN:386,(anonymous_43)
FN:418,(anonymous_44)
FN:425,(anonymous_45)
FN:432,(anonymous_46)
FN:440,(anonymous_47)
FN:448,(anonymous_48)
FN:456,(anonymous_49)
FN:464,(anonymous_50)
FN:472,(anonymous_51)
FN:480,(anonymous_52)
FN:488,(anonymous_53)
FNF:54
FNH:0
FNDA:0,(anonymous_0)
FNDA:0,(anonymous_1)
FNDA:0,(anonymous_2)
FNDA:0,(anonymous_3)
FNDA:0,(anonymous_4)
FNDA:0,(anonymous_5)
FNDA:0,(anonymous_6)
FNDA:0,(anonymous_7)
FNDA:0,(anonymous_8)
FNDA:0,(anonymous_9)
FNDA:0,(anonymous_10)
FNDA:0,(anonymous_11)
FNDA:0,(anonymous_12)
FNDA:0,(anonymous_13)
FNDA:0,(anonymous_14)
FNDA:0,(anonymous_15)
FNDA:0,(anonymous_16)
FNDA:0,(anonymous_17)
FNDA:0,(anonymous_18)
FNDA:0,(anonymous_19)
FNDA:0,(anonymous_20)
FNDA:0,(anonymous_21)
FNDA:0,(anonymous_22)
FNDA:0,(anonymous_23)
FNDA:0,(anonymous_24)
FNDA:0,(anonymous_25)
FNDA:0,(anonymous_26)
FNDA:0,(anonymous_27)
FNDA:0,(anonymous_28)
FNDA:0,(anonymous_29)
FNDA:0,(anonymous_30)
FNDA:0,(anonymous_31)
FNDA:0,(anonymous_32)
FNDA:0,(anonymous_33)
FNDA:0,(anonymous_34)
FNDA:0,(anonymous_35)
FNDA:0,(anonymous_36)
FNDA:0,(anonymous_37)
FNDA:0,(anonymous_38)
FNDA:0,(anonymous_39)
FNDA:0,(anonymous_40)
FNDA:0,(anonymous_41)
FNDA:0,(anonymous_42)
FNDA:0,(anonymous_43)
FNDA:0,(anonymous_44)
FNDA:0,(anonymous_45)
FNDA:0,(anonymous_46)
FNDA:0,(anonymous_47)
FNDA:0,(anonymous_48)
FNDA:0,(anonymous_49)
FNDA:0,(anonymous_50)
FNDA:0,(anonymous_51)
FNDA:0,(anonymous_52)
FNDA:0,(anonymous_53)
DA:2,0
DA:24,0
DA:25,0
DA:26,0
DA:27,0
DA:30,0
DA:31,0
DA:32,0
DA:33,0
DA:34,0
DA:35,0
DA:36,0
DA:37,0
DA:38,0
DA:39,0
DA:45,0
DA:46,0
DA:49,0
DA:52,0
DA:53,0
DA:55,0
DA:65,0
DA:68,0
DA:71,0
DA:79,0
DA:82,0
DA:83,0
DA:87,0
DA:88,0
DA:96,0
DA:97,0
DA:98,0
DA:106,0
DA:109,0
DA:110,0
DA:113,0
DA:125,0
DA:126,0
DA:127,0
DA:130,0
DA:131,0
DA:140,0
DA:141,0
DA:142,0
DA:144,0
DA:145,0
DA:147,0
DA:148,0
DA:150,0
DA:151,0
DA:152,0
DA:155,0
DA:162,0
DA:164,0
DA:177,0
DA:178,0
DA:179,0
DA:182,0
DA:183,0
DA:192,0
DA:193,0
DA:194,0
DA:197,0
DA:199,0
DA:200,0
DA:202,0
DA:204,0
DA:205,0
DA:207,0
DA:208,0
DA:213,0
DA:214,0
DA:215,0
DA:217,0
DA:218,0
DA:223,0
DA:229,0
DA:243,0
DA:245,0
DA:246,0
DA:249,0
DA:256,0
DA:257,0
DA:258,0
DA:262,0
DA:263,0
DA:267,0
DA:268,0
DA:272,0
DA:273,0
DA:274,0
DA:278,0
DA:279,0
DA:283,0
DA:284,0
DA:285,0
DA:289,0
DA:290,0
DA:294,0
DA:295,0
DA:299,0
DA:300,0
DA:301,0
DA:305,0
DA:306,0
DA:310,0
DA:311,0
DA:318,0
DA:320,0
DA:321,0
DA:323,0
DA:328,0
DA:331,0
DA:332,0
DA:334,0
DA:339,0
DA:340,0
DA:344,0
DA:345,0
DA:348,0
DA:352,0
DA:357,0
DA:358,0
DA:367,0
DA:368,0
DA:369,0
DA:370,0
DA:371,0
DA:372,0
DA:373,0
DA:374,0
DA:375,0
DA:376,0
DA:377,0
DA:378,0
DA:379,0
DA:380,0
DA:387,0
DA:388,0
DA:389,0
DA:391,0
DA:394,0
DA:395,0
DA:396,0
DA:398,0
DA:399,0
DA:400,0
DA:402,0
DA:403,0
DA:404,0
DA:407,0
DA:408,0
DA:409,0
DA:411,0
DA:412,0
DA:413,0
DA:416,0
DA:417,0
DA:418,0
DA:419,0
DA:421,0
DA:423,0
DA:424,0
DA:425,0
DA:426,0
DA:428,0
DA:430,0
DA:431,0
DA:432,0
DA:433,0
DA:435,0
DA:438,0
DA:439,0
DA:440,0
DA:441,0
DA:443,0
DA:446,0
DA:447,0
DA:448,0
DA:449,0
DA:451,0
DA:454,0
DA:455,0
DA:456,0
DA:457,0
DA:459,0
DA:462,0
DA:463,0
DA:464,0
DA:465,0
DA:467,0
DA:470,0
DA:471,0
DA:472,0
DA:473,0
DA:475,0
DA:478,0
DA:479,0
DA:480,0
DA:481,0
DA:483,0
DA:486,0
DA:487,0
DA:488,0
DA:489,0
DA:491,0
DA:493,0
DA:497,0
LF:208
LH:0
BRDA:62,0,0,0
BRDA:62,0,1,0
BRDA:82,1,0,0
BRDA:87,2,0,0
BRDA:96,3,0,0
BRDA:98,4,0,0
BRDA:98,4,1,0
BRDA:109,5,0,0
BRDA:124,6,0,0
BRDA:130,7,0,0
BRDA:151,8,0,0
BRDA:151,8,1,0
BRDA:152,9,0,0
BRDA:152,9,1,0
BRDA:176,10,0,0
BRDA:182,11,0,0
BRDA:204,12,0,0
BRDA:214,13,0,0
BRDA:257,14,0,0
BRDA:257,14,1,0
BRDA:262,15,0,0
BRDA:262,15,1,0
BRDA:267,16,0,0
BRDA:267,16,1,0
BRDA:273,17,0,0
BRDA:273,17,1,0
BRDA:278,18,0,0
BRDA:278,18,1,0
BRDA:284,19,0,0
BRDA:284,19,1,0
BRDA:290,20,0,0
BRDA:290,20,1,0
BRDA:294,21,0,0
BRDA:294,21,1,0
BRDA:300,22,0,0
BRDA:300,22,1,0
BRDA:305,23,0,0
BRDA:305,23,1,0
BRDA:311,24,0,0
BRDA:311,24,1,0
BRF:40
BRH:0
end_of_record
TN:
SF:src/middleware/metricsMiddleware.ts
FN:179,(anonymous_0)
FN:182,(anonymous_1)
FN:195,(anonymous_2)
FN:201,(anonymous_3)
FNF:4
FNH:0
FNDA:0,(anonymous_0)
FNDA:0,(anonymous_1)
FNDA:0,(anonymous_2)
FNDA:0,(anonymous_3)
DA:2,0
DA:5,0
DA:11,0
DA:19,0
DA:25,0
DA:31,0
DA:38,0
DA:43,0
DA:49,0
DA:55,0
DA:61,0
DA:67,0
DA:74,0
DA:80,0
DA:87,0
DA:93,0
DA:99,0
DA:105,0
DA:110,0
DA:115,0
DA:120,0
DA:126,0
DA:133,0
DA:139,0
DA:146,0
DA:153,0
DA:159,0
DA:167,0
DA:173,0
DA:179,0
DA:180,0
DA:182,0
DA:183,0
DA:184,0
DA:185,0
DA:187,0
DA:188,0
DA:191,0
DA:195,0
DA:196,0
DA:197,0
DA:201,0
DA:202,0
DA:203,0
DA:204,0
DA:205,0
DA:206,0
DA:208,0
DA:209,0
DA:210,0
DA:214,0
DA:215,0
LF:52
LH:0
BRDA:184,0,0,0
BRDA:184,0,1,0
BRDA:214,1,0,0
BRF:3
BRH:0
end_of_record
TN:
SF:src/middleware/rateLimit.ts
FN:13,(anonymous_1)
FN:18,(anonymous_2)
FN:40,(anonymous_3)
FN:45,(anonymous_4)
FN:64,(anonymous_5)
FNF:5
FNH:0
FNDA:0,(anonymous_1)
FNDA:0,(anonymous_2)
FNDA:0,(anonymous_3)
FNDA:0,(anonymous_4)
FNDA:0,(anonymous_5)
DA:1,0
DA:2,0
DA:3,0
DA:4,0
DA:14,0
DA:15,0
DA:19,0
DA:20,0
DA:22,0
DA:23,0
DA:24,0
DA:27,0
DA:28,0
DA:31,0
DA:32,0
DA:34,0
DA:41,0
DA:42,0
DA:46,0
DA:47,0
DA:54,0
DA:65,0
DA:69,0
DA:79,0
DA:94,0
DA:110,0
DA:125,0
DA:140,0
DA:152,0
LF:29
LH:0
BRDA:13,0,0,0
BRDA:13,1,0,0
BRDA:22,2,0,0
BRDA:23,3,0,0
BRDA:23,3,1,0
BRDA:28,4,0,0
BRDA:28,4,1,0
BRDA:55,5,0,0
BRDA:55,5,1,0
BRDA:56,6,0,0
BRDA:56,6,1,0
BRF:11
BRH:0
end_of_record
TN:
SF:src/routes/alerts.routes.ts
FN:36,(anonymous_0)
FN:120,handleCriticalAlert
FN:163,(anonymous_2)
FNF:3
FNH:0
FNDA:0,(anonymous_0)
FNDA:0,handleCriticalAlert
FNDA:0,(anonymous_2)
DA:1,0
DA:2,0
DA:3,0
DA:4,0
DA:6,0
DA:9,0
DA:36,0
DA:37,0
DA:38,0
DA:40,0
DA:47,0
DA:48,0
DA:49,0
DA:50,0
DA:53,0
DA:54,0
DA:61,0
DA:70,0
DA:71,0
DA:94,0
DA:98,0
DA:99,0
DA:103,0
DA:109,0
DA:110,0
DA:121,0
DA:123,0
DA:129,0
DA:132,0
DA:133,0
DA:137,0
DA:138,0
DA:142,0
DA:143,0
DA:147,0
DA:148,0
DA:151,0
DA:163,0
DA:164,0
DA:165,0
DA:167,0
DA:171,0
DA:173,0
DA:174,0
DA:175,0
DA:178,0
DA:179,0
DA:181,0
DA:183,0
DA:193,0
DA:194,0
DA:201,0
LF:52
LH:0
BRDA:48,0,0,0
BRDA:48,0,1,0
BRDA:49,1,0,0
BRDA:49,1,1,0
BRDA:50,2,0,0
BRDA:50,2,1,0
BRDA:50,2,2,0
BRDA:53,3,0,0
BRDA:53,3,1,0
BRDA:98,4,0,0
BRDA:98,5,0,0
BRDA:98,5,1,0
BRDA:129,6,0,0
BRDA:129,6,1,0
BRDA:129,6,2,0
BRDA:129,6,3,0
BRDA:129,6,4,0
BRDA:165,7,0,0
BRDA:165,8,0,0
BRDA:173,9,0,0
BRF:20
BRH:0
end_of_record
TN:
SF:src/routes/auth.routes.ts
FNF:0
FNH:0
DA:1,0
DA:2,0
DA:8,0
DA:10,0
DA:13,0
DA:20,0
DA:27,0
DA:34,0
DA:41,0
DA:43,0
LF:10
LH:0
BRF:0
BRH:0
end_of_record
TN:
SF:src/routes/profile.routes.ts
FNF:0
FNH:0
DA:1,0
DA:2,0
DA:3,0
DA:4,0
DA:6,0
DA:9,0
DA:16,0
DA:23,0
DA:30,0
DA:37,0
DA:44,0
DA:51,0
DA:53,0
LF:13
LH:0
BRF:0
BRH:0
end_of_record
TN:
SF:src/routes/skill.routes.ts
FNF:0
FNH:0
DA:1,0
DA:2,0
DA:3,0
DA:4,0
DA:6,0
DA:9,0
DA:16,0
DA:23,0
DA:30,0
DA:37,0
DA:48,0
DA:55,0
DA:57,0
LF:13
LH:0
BRF:0
BRH:0
end_of_record
TN:
SF:src/services/email.service.ts
FN:24,(anonymous_1)
FN:34,(anonymous_2)
FN:64,(anonymous_3)
FN:87,(anonymous_4)
FN:169,(anonymous_5)
FNF:5
FNH:0
FNDA:0,(anonymous_1)
FNDA:0,(anonymous_2)
FNDA:0,(anonymous_3)
FNDA:0,(anonymous_4)
FNDA:0,(anonymous_5)
DA:1,0
DA:2,0
DA:21,0
DA:25,0
DA:27,0
DA:28,0
DA:30,0
DA:35,0
DA:37,0
DA:38,0
DA:40,0
DA:41,0
DA:43,0
DA:44,0
DA:47,0
DA:57,0
DA:59,0
DA:60,0
DA:65,0
DA:66,0
DA:67,0
DA:70,0
DA:71,0
DA:79,0
DA:80,0
DA:82,0
DA:83,0
DA:88,0
DA:144,0
DA:161,0
DA:175,0
DA:211,0
DA:219,0
LF:33
LH:0
BRDA:27,0,0,0
BRDA:27,0,1,0
BRDA:37,1,0,0
BRDA:40,2,0,0
BRDA:43,3,0,0
BRDA:49,4,0,0
BRDA:49,4,1,0
BRDA:65,5,0,0
BRDA:65,6,0,0
BRDA:65,6,1,0
BRDA:117,7,0,0
BRDA:117,7,1,0
BRDA:151,8,0,0
BRDA:151,8,1,0
BRF:14
BRH:0
end_of_record
TN:
SF:src/services/indexer.service.ts
FN:18,(anonymous_9)
FN:27,(anonymous_10)
FN:38,(anonymous_11)
FN:66,(anonymous_12)
FN:88,(anonymous_13)
FN:133,(anonymous_14)
FN:159,(anonymous_15)
FN:193,(anonymous_16)
FN:217,(anonymous_17)
FN:255,(anonymous_18)
FN:375,(anonymous_19)
FN:420,(anonymous_20)
FN:509,(anonymous_21)
FN:544,(anonymous_22)
FN:547,(anonymous_23)
FN:563,(anonymous_24)
FN:579,(anonymous_25)
FN:594,(anonymous_26)
FNF:18
FNH:0
FNDA:0,(anonymous_9)
FNDA:0,(anonymous_10)
FNDA:0,(anonymous_11)
FNDA:0,(anonymous_12)
FNDA:0,(anonymous_13)
FNDA:0,(anonymous_14)
FNDA:0,(anonymous_15)
FNDA:0,(anonymous_16)
FNDA:0,(anonymous_17)
FNDA:0,(anonymous_18)
FNDA:0,(anonymous_19)
FNDA:0,(anonymous_20)
FNDA:0,(anonymous_21)
FNDA:0,(anonymous_22)
FNDA:0,(anonymous_23)
FNDA:0,(anonymous_24)
FNDA:0,(anonymous_25)
FNDA:0,(anonymous_26)
DA:1,0
DA:2,0
DA:3,0
DA:4,0
DA:5,0
DA:6,0
DA:7,0
DA:8,0
DA:9,0
DA:11,0
DA:13,0
DA:16,0
DA:19,0
DA:20,0
DA:21,0
DA:28,0
DA:30,0
DA:32,0
DA:33,0
DA:34,0
DA:37,0
DA:38,0
DA:40,0
DA:41,0
DA:42,0
DA:46,0
DA:47,0
DA:52,0
DA:53,0
DA:56,0
DA:58,0
DA:59,0
DA:67,0
DA:68,0
DA:69,0
DA:72,0
DA:73,0
DA:75,0
DA:76,0
DA:77,0
DA:79,0
DA:80,0
DA:81,0
DA:89,0
DA:90,0
DA:92,0
DA:93,0
DA:96,0
DA:101,0
DA:102,0
DA:103,0
DA:106,0
DA:109,0
DA:110,0
DA:112,0
DA:113,0
DA:116,0
DA:118,0
DA:120,0
DA:121,0
DA:122,0
DA:127,0
DA:139,0
DA:145,0
DA:147,0
DA:148,0
DA:149,0
DA:151,0
DA:160,0
DA:161,0
DA:163,0
DA:164,0
DA:169,0
DA:171,0
DA:181,0
DA:184,0
DA:186,0
DA:194,0
DA:195,0
DA:197,0
DA:218,0
DA:220,0
DA:221,0
DA:223,0
DA:224,0
DA:226,0
DA:227,0
DA:229,0
DA:230,0
DA:232,0
DA:233,0
DA:237,0
DA:243,0
DA:246,0
DA:248,0
DA:261,0
DA:263,0
DA:279,0
DA:286,0
DA:287,0
DA:290,0
DA:295,0
DA:296,0
DA:312,0
DA:321,0
DA:328,0
DA:330,0
DA:333,0
DA:340,0
DA:341,0
DA:344,0
DA:350,0
DA:359,0
DA:366,0
DA:368,0
DA:381,0
DA:383,0
DA:388,0
DA:389,0
DA:405,0
DA:408,0
DA:413,0
DA:426,0
DA:428,0
DA:433,0
DA:438,0
DA:440,0
DA:445,0
DA:446,0
DA:463,0
DA:473,0
DA:474,0
DA:488,0
DA:495,0
DA:502,0
DA:515,0
DA:517,0
DA:530,0
DA:533,0
DA:537,0
DA:545,0
DA:547,0
DA:548,0
DA:550,0
DA:551,0
DA:553,0
DA:557,0
DA:564,0
DA:573,0
DA:580,0
DA:588,0
DA:595,0
DA:596,0
DA:600,0
LF:154
LH:0
BRDA:19,0,0,0
BRDA:19,0,1,0
BRDA:32,1,0,0
BRDA:40,2,0,0
BRDA:67,3,0,0
BRDA:89,4,0,0
BRDA:89,4,1,0
BRDA:101,5,0,0
BRDA:101,5,1,0
BRDA:102,6,0,0
BRDA:161,7,0,0
BRDA:169,8,0,0
BRDA:195,9,0,0
BRDA:195,9,1,0
BRDA:203,10,0,0
BRDA:203,10,1,0
BRDA:221,11,0,0
BRDA:221,11,1,0
BRDA:221,11,2,0
BRDA:221,11,3,0
BRDA:261,12,0,0
BRDA:261,12,1,0
BRDA:261,12,2,0
BRDA:270,13,0,0
BRDA:270,13,1,0
BRDA:295,14,0,0
BRDA:303,15,0,0
BRDA:303,15,1,0
BRDA:340,16,0,0
BRDA:381,17,0,0
BRDA:381,17,1,0
BRDA:388,18,0,0
BRDA:396,19,0,0
BRDA:396,19,1,0
BRDA:426,20,0,0
BRDA:438,21,0,0
BRDA:445,22,0,0
BRDA:454,23,0,0
BRDA:454,23,1,0
BRDA:455,24,0,0
BRDA:455,24,1,0
BRDA:473,25,0,0
BRDA:478,26,0,0
BRDA:478,26,1,0
BRDA:491,27,0,0
BRDA:491,27,1,0
BRDA:515,28,0,0
BRDA:515,28,1,0
BRDA:523,29,0,0
BRDA:523,29,1,0
BRDA:524,30,0,0
BRDA:524,30,1,0
BRDA:545,31,0,0
BRDA:545,31,1,0
BRDA:548,32,0,0
BRF:55
BRH:0
end_of_record
TN:
SF:src/services/notification.service.ts
FN:11,(anonymous_1)
FN:32,(anonymous_2)
FN:53,(anonymous_3)
FN:76,(anonymous_4)
FN:99,(anonymous_5)
FN:127,(anonymous_6)
FN:154,(anonymous_7)
FN:180,(anonymous_8)
FN:199,(anonymous_9)
FN:213,(anonymous_10)
FNF:10
FNH:0
FNDA:0,(anonymous_1)
FNDA:0,(anonymous_2)
FNDA:0,(anonymous_3)
FNDA:0,(anonymous_4)
FNDA:0,(anonymous_5)
FNDA:0,(anonymous_6)
FNDA:0,(anonymous_7)
FNDA:0,(anonymous_8)
FNDA:0,(anonymous_9)
FNDA:0,(anonymous_10)
DA:1,0
DA:2,0
DA:3,0
DA:5,0
DA:7,0
DA:13,0
DA:24,0
DA:33,0
DA:34,0
DA:42,0
DA:43,0
DA:45,0
DA:46,0
DA:60,0
DA:61,0
DA:67,0
DA:69,0
DA:77,0
DA:79,0
DA:80,0
DA:81,0
DA:89,0
DA:91,0
DA:104,0
DA:105,0
DA:108,0
DA:114,0
DA:133,0
DA:134,0
DA:136,0
DA:144,0
DA:159,0
DA:160,0
DA:162,0
DA:170,0
DA:185,0
DA:193,0
DA:200,0
DA:207,0
DA:214,0
DA:221,0
DA:225,0
LF:42
LH:0
BRDA:15,0,0,0
BRDA:15,0,1,0
BRDA:24,1,0,0
BRDA:24,1,1,0
BRDA:35,2,0,0
BRDA:35,2,1,0
BRDA:58,3,0,0
BRDA:77,4,0,0
BRDA:77,4,1,0
BRDA:182,5,0,0
BRDA:183,6,0,0
BRDA:207,7,0,0
BRDA:207,7,1,0
BRDA:221,8,0,0
BRDA:221,8,1,0
BRF:15
BRH:0
end_of_record
TN:
SF:src/services/storage.service.ts
FN:39,(anonymous_1)
FN:44,(anonymous_2)
FN:88,(anonymous_3)
FN:116,(anonymous_4)
FN:156,(anonymous_5)
FN:186,(anonymous_6)
FN:215,(anonymous_7)
FN:237,(anonymous_8)
FN:258,(anonymous_9)
FNF:9
FNH:0
FNDA:0,(anonymous_1)
FNDA:0,(anonymous_2)
FNDA:0,(anonymous_3)
FNDA:0,(anonymous_4)
FNDA:0,(anonymous_5)
FNDA:0,(anonymous_6)
FNDA:0,(anonymous_7)
FNDA:0,(anonymous_8)
FNDA:0,(anonymous_9)
DA:1,0
DA:2,0
DA:3,0
DA:6,0
DA:7,0
DA:8,0
DA:9,0
DA:10,0
DA:11,0
DA:14,0
DA:15,0
DA:16,0
DA:17,0
DA:35,0
DA:36,0
DA:40,0
DA:41,0
DA:45,0
DA:47,0
DA:48,0
DA:49,0
DA:52,0
DA:56,0
DA:63,0
DA:67,0
DA:68,0
DA:69,0
DA:72,0
DA:78,0
DA:81,0
DA:89,0
DA:90,0
DA:93,0
DA:94,0
DA:95,0
DA:97,0
DA:98,0
DA:100,0
DA:102,0
DA:108,0
DA:109,0
DA:117,0
DA:118,0
DA:121,0
DA:122,0
DA:123,0
DA:125,0
DA:130,0
DA:131,0
DA:132,0
DA:134,0
DA:135,0
DA:137,0
DA:138,0
DA:140,0
DA:142,0
DA:148,0
DA:149,0
DA:157,0
DA:158,0
DA:161,0
DA:162,0
DA:167,0
DA:168,0
DA:170,0
DA:172,0
DA:178,0
DA:179,0
DA:187,0
DA:188,0
DA:189,0
DA:190,0
DA:191,0
DA:194,0
DA:199,0
DA:207,0
DA:208,0
DA:216,0
DA:217,0
DA:220,0
DA:221,0
DA:222,0
DA:223,0
DA:226,0
DA:227,0
DA:229,0
DA:230,0
DA:238,0
DA:239,0
DA:242,0
DA:243,0
DA:248,0
DA:250,0
DA:251,0
DA:259,0
DA:260,0
DA:263,0
DA:264,0
DA:265,0
DA:267,0
DA:268,0
DA:273,0
LF:102
LH:0
BRDA:7,0,0,0
BRDA:7,0,1,0
BRDA:8,1,0,0
BRDA:8,1,1,0
BRDA:11,2,0,0
BRDA:11,2,1,0
BRDA:15,3,0,0
BRDA:15,3,1,0
BRDA:16,4,0,0
BRDA:16,4,1,0
BRDA:40,5,0,0
BRDA:40,5,1,0
BRDA:47,6,0,0
BRDA:47,7,0,0
BRDA:47,7,1,0
BRDA:48,8,0,0
BRDA:52,9,0,0
BRDA:52,9,1,0
BRDA:52,10,0,0
BRDA:52,10,1,0
BRDA:60,11,0,0
BRDA:60,11,1,0
BRDA:67,12,0,0
BRDA:67,13,0,0
BRDA:67,13,1,0
BRDA:68,14,0,0
BRDA:89,15,0,0
BRDA:117,16,0,0
BRDA:117,17,0,0
BRDA:117,17,1,0
BRDA:157,18,0,0
BRDA:188,19,0,0
BRDA:188,19,1,0
BRDA:190,20,0,0
BRDA:190,20,1,0
BRDA:216,21,0,0
BRDA:238,22,0,0
BRDA:259,23,0,0
BRF:38
BRH:0
end_of_record
TN:
SF:src/services/webhook.service.ts
FN:26,(anonymous_1)
FN:51,(anonymous_2)
FN:63,(anonymous_3)
FN:108,(anonymous_4)
FN:126,(anonymous_5)
FN:155,(anonymous_6)
FN:175,(anonymous_7)
FN:187,(anonymous_8)
FNF:8
FNH:0
FNDA:0,(anonymous_1)
FNDA:0,(anonymous_2)
FNDA:0,(anonymous_3)
FNDA:0,(anonymous_4)
FNDA:0,(anonymous_5)
FNDA:0,(anonymous_6)
FNDA:0,(anonymous_7)
FNDA:0,(anonymous_8)
DA:1,0
DA:2,0
DA:3,0
DA:20,0
DA:21,0
DA:27,0
DA:29,0
DA:36,0
DA:38,0
DA:39,0
DA:40,0
DA:43,0
DA:50,0
DA:52,0
DA:56,0
DA:68,0
DA:69,0
DA:76,0
DA:77,0
DA:78,0
DA:82,0
DA:85,0
DA:90,0
DA:97,0
DA:99,0
DA:107,0
DA:108,0
DA:109,0
DA:113,0
DA:133,0
DA:134,0
DA:148,0
DA:161,0
DA:168,0
DA:169,0
DA:176,0
DA:181,0
DA:188,0
DA:196,0
DA:200,0
DA:203,0
LF:41
LH:0
BRDA:38,0,0,0
BRDA:66,1,0,0
BRDA:76,2,0,0
BRDA:107,3,0,0
BRDA:187,4,0,0
BRF:5
BRH:0
end_of_record
TN:
SF:src/utils/crypto.ts
FN:11,(anonymous_1)
FN:22,(anonymous_2)
FN:38,(anonymous_3)
FN:54,(anonymous_4)
FN:80,(anonymous_5)
FN:89,(anonymous_6)
FN:105,(anonymous_7)
FNF:7
FNH:7
FNDA:10,(anonymous_1)
FNDA:5,(anonymous_2)
FNDA:6,(anonymous_3)
FNDA:5,(anonymous_4)
FNDA:4,(anonymous_5)
FNDA:3,(anonymous_6)
FNDA:3,(anonymous_7)
DA:1,1
DA:2,1
DA:3,1
DA:5,1
DA:11,1
DA:12,10
DA:13,10
DA:14,10
DA:22,1
DA:23,5
DA:24,5
DA:25,5
DA:27,0
DA:28,0
DA:38,1
DA:39,6
DA:40,6
DA:41,6
DA:43,0
DA:44,0
DA:54,1
DA:55,5
DA:57,5
DA:58,5
DA:61,5
DA:63,1
DA:64,1
DA:65,1
DA:68,4
DA:70,0
DA:71,0
DA:80,1
DA:81,4
DA:89,1
DA:90,3
DA:91,3
DA:92,3
DA:94,0
DA:95,0
DA:105,1
DA:106,3
DA:107,3
DA:108,3
DA:110,0
DA:111,0
LF:45
LH:35
BRDA:11,0,0,0
BRDA:61,1,0,1
BRDA:80,2,0,3
BRF:3
BRH:2
end_of_record
TN:
SF:src/utils/logger.ts
FN:16,(anonymous_1)
FN:52,(anonymous_2)
FN:66,(anonymous_3)
FNF:3
FNH:0
FNDA:0,(anonymous_1)
FNDA:0,(anonymous_2)
FNDA:0,(anonymous_3)
DA:1,0
DA:2,0
DA:4,0
DA:6,0
DA:13,0
DA:17,0
DA:18,0
DA:19,0
DA:21,0
DA:25,0
DA:54,0
DA:67,0
DA:78,0
DA:79,0
DA:80,0
DA:81,0
DA:84,0
LF:17
LH:0
BRDA:4,0,0,0
BRDA:4,0,1,0
BRDA:18,1,0,0
BRDA:54,2,0,0
BRDA:54,2,1,0
BRDA:54,3,0,0
BRDA:54,3,1,0
BRDA:54,3,2,0
BRDA:67,4,0,0
BRDA:67,4,1,0
BRDA:67,5,0,0
BRDA:67,5,1,0
BRDA:80,6,0,0
BRF:13
BRH:0
end_of_record
